Rank 168: no CSV to process (len(file_list_muons)=100), exiting.
Rank 197: no CSV to process (len(file_list_muons)=100), exiting.
Rank 161: no CSV to process (len(file_list_muons)=100), exiting.
Rank 138: no CSV to process (len(file_list_muons)=100), exiting.
Rank 658: no CSV to process (len(file_list_muons)=100), exiting.
Rank 124: no CSV to process (len(file_list_muons)=100), exiting.
Rank 676: no CSV to process (len(file_list_muons)=100), exiting.
Rank 192: no CSV to process (len(file_list_muons)=100), exiting.
Rank 659: no CSV to process (len(file_list_muons)=100), exiting.
Rank 125: no CSV to process (len(file_list_muons)=100), exiting.
Rank 635: no CSV to process (len(file_list_muons)=100), exiting.
Rank 157: no CSV to process (len(file_list_muons)=100), exiting.
Rank 677: no CSV to process (len(file_list_muons)=100), exiting.
Rank 154: no CSV to process (len(file_list_muons)=100), exiting.
Rank 615: no CSV to process (len(file_list_muons)=100), exiting.
Rank 123: no CSV to process (len(file_list_muons)=100), exiting.
Rank 604: no CSV to process (len(file_list_muons)=100), exiting.
Rank 134: no CSV to process (len(file_list_muons)=100), exiting.
Rank 664: no CSV to process (len(file_list_muons)=100), exiting.
Rank 164: no CSV to process (len(file_list_muons)=100), exiting.
Rank 623: no CSV to process (len(file_list_muons)=100), exiting.
Rank 126: no CSV to process (len(file_list_muons)=100), exiting.
Rank 648: no CSV to process (len(file_list_muons)=100), exiting.
Rank 132: no CSV to process (len(file_list_muons)=100), exiting.
Rank 666: no CSV to process (len(file_list_muons)=100), exiting.
Rank 184: no CSV to process (len(file_list_muons)=100), exiting.
Rank 644: no CSV to process (len(file_list_muons)=100), exiting.
Rank 137: no CSV to process (len(file_list_muons)=100), exiting.
Rank 653: no CSV to process (len(file_list_muons)=100), exiting.
Rank 142: no CSV to process (len(file_list_muons)=100), exiting.
Rank 606: no CSV to process (len(file_list_muons)=100), exiting.
Rank 105: no CSV to process (len(file_list_muons)=100), exiting.
Rank 618: no CSV to process (len(file_list_muons)=100), exiting.
Rank 102: no CSV to process (len(file_list_muons)=100), exiting.
Rank 678: no CSV to process (len(file_list_muons)=100), exiting.
Rank 149: no CSV to process (len(file_list_muons)=100), exiting.
Rank 651: no CSV to process (len(file_list_muons)=100), exiting.
Rank 174: no CSV to process (len(file_list_muons)=100), exiting.
Rank 612: no CSV to process (len(file_list_muons)=100), exiting.
Rank 109: no CSV to process (len(file_list_muons)=100), exiting.
Rank 669: no CSV to process (len(file_list_muons)=100), exiting.
Rank 170: no CSV to process (len(file_list_muons)=100), exiting.
Rank 637: no CSV to process (len(file_list_muons)=100), exiting.
Rank 186: no CSV to process (len(file_list_muons)=100), exiting.
Rank 607: no CSV to process (len(file_list_muons)=100), exiting.
Rank 162: no CSV to process (len(file_list_muons)=100), exiting.
Rank 688: no CSV to process (len(file_list_muons)=100), exiting.
Rank 166: no CSV to process (len(file_list_muons)=100), exiting.
Rank 696: no CSV to process (len(file_list_muons)=100), exiting.
Rank 163: no CSV to process (len(file_list_muons)=100), exiting.
Rank 681: no CSV to process (len(file_list_muons)=100), exiting.
Rank 104: no CSV to process (len(file_list_muons)=100), exiting.
Rank 646: no CSV to process (len(file_list_muons)=100), exiting.
Rank 112: no CSV to process (len(file_list_muons)=100), exiting.
Rank 699: no CSV to process (len(file_list_muons)=100), exiting.
Rank 191: no CSV to process (len(file_list_muons)=100), exiting.
Rank 601: no CSV to process (len(file_list_muons)=100), exiting.
Rank 182: no CSV to process (len(file_list_muons)=100), exiting.
Rank 638: no CSV to process (len(file_list_muons)=100), exiting.
Rank 183: no CSV to process (len(file_list_muons)=100), exiting.
Rank 617: no CSV to process (len(file_list_muons)=100), exiting.
Rank 116: no CSV to process (len(file_list_muons)=100), exiting.
Rank 117: no CSV to process (len(file_list_muons)=100), exiting.
Rank 185: no CSV to process (len(file_list_muons)=100), exiting.
Rank 692: no CSV to process (len(file_list_muons)=100), exiting.
Rank 693: no CSV to process (len(file_list_muons)=100), exiting.
Rank 628: no CSV to process (len(file_list_muons)=100), exiting.
Rank 697: no CSV to process (len(file_list_muons)=100), exiting.
Rank 679: no CSV to process (len(file_list_muons)=100), exiting.
Rank 103: no CSV to process (len(file_list_muons)=100), exiting.
Rank 636: no CSV to process (len(file_list_muons)=100), exiting.
Rank 687: no CSV to process (len(file_list_muons)=100), exiting.
Rank 155: no CSV to process (len(file_list_muons)=100), exiting.
Rank 199: no CSV to process (len(file_list_muons)=100), exiting.
Rank 101: no CSV to process (len(file_list_muons)=100), exiting.
Rank 144: no CSV to process (len(file_list_muons)=100), exiting.
Rank 685: no CSV to process (len(file_list_muons)=100), exiting.
Rank 361: no CSV to process (len(file_list_muons)=100), exiting.
Rank 372: no CSV to process (len(file_list_muons)=100), exiting.
Rank 336: no CSV to process (len(file_list_muons)=100), exiting.
Rank 376: no CSV to process (len(file_list_muons)=100), exiting.
Rank 330: no CSV to process (len(file_list_muons)=100), exiting.
Rank 357: no CSV to process (len(file_list_muons)=100), exiting.
Rank 354: no CSV to process (len(file_list_muons)=100), exiting.
Rank 630: no CSV to process (len(file_list_muons)=100), exiting.
Rank 634: no CSV to process (len(file_list_muons)=100), exiting.
Rank 613: no CSV to process (len(file_list_muons)=100), exiting.
Rank 329: no CSV to process (len(file_list_muons)=100), exiting.
Rank 382: no CSV to process (len(file_list_muons)=100), exiting.
Rank 384: no CSV to process (len(file_list_muons)=100), exiting.
Rank 181: no CSV to process (len(file_list_muons)=100), exiting.
Rank 100: no CSV to process (len(file_list_muons)=100), exiting.
Rank 355: no CSV to process (len(file_list_muons)=100), exiting.
Rank 397: no CSV to process (len(file_list_muons)=100), exiting.
Rank 150: no CSV to process (len(file_list_muons)=100), exiting.
Rank 318: no CSV to process (len(file_list_muons)=100), exiting.
Rank 390: no CSV to process (len(file_list_muons)=100), exiting.
Rank 353: no CSV to process (len(file_list_muons)=100), exiting.
Rank 340: no CSV to process (len(file_list_muons)=100), exiting.
Rank 133: no CSV to process (len(file_list_muons)=100), exiting.
Rank 620: no CSV to process (len(file_list_muons)=100), exiting.
Rank 136: no CSV to process (len(file_list_muons)=100), exiting.
Rank 177: no CSV to process (len(file_list_muons)=100), exiting.
Rank 214: no CSV to process (len(file_list_muons)=100), exiting.
Rank 239: no CSV to process (len(file_list_muons)=100), exiting.
Rank 294: no CSV to process (len(file_list_muons)=100), exiting.
Rank 119: no CSV to process (len(file_list_muons)=100), exiting.
Rank 286: no CSV to process (len(file_list_muons)=100), exiting.
Rank 435: no CSV to process (len(file_list_muons)=100), exiting.
Rank 208: no CSV to process (len(file_list_muons)=100), exiting.
Rank 413: no CSV to process (len(file_list_muons)=100), exiting.
Rank 205: no CSV to process (len(file_list_muons)=100), exiting.
Rank 153: no CSV to process (len(file_list_muons)=100), exiting.
Rank 495: no CSV to process (len(file_list_muons)=100), exiting.
Rank 227: no CSV to process (len(file_list_muons)=100), exiting.
Rank 130: no CSV to process (len(file_list_muons)=100), exiting.
Rank 429: no CSV to process (len(file_list_muons)=100), exiting.
Rank 200: no CSV to process (len(file_list_muons)=100), exiting.
Rank 489: no CSV to process (len(file_list_muons)=100), exiting.
Rank 288: no CSV to process (len(file_list_muons)=100), exiting.
Rank 443: no CSV to process (len(file_list_muons)=100), exiting.
Rank 235: no CSV to process (len(file_list_muons)=100), exiting.
Rank 148: no CSV to process (len(file_list_muons)=100), exiting.
Rank 464: no CSV to process (len(file_list_muons)=100), exiting.
Rank 201: no CSV to process (len(file_list_muons)=100), exiting.
Rank 412: no CSV to process (len(file_list_muons)=100), exiting.
Rank 277: no CSV to process (len(file_list_muons)=100), exiting.
Rank 492: no CSV to process (len(file_list_muons)=100), exiting.
Rank 234: no CSV to process (len(file_list_muons)=100), exiting.
Rank 348: no CSV to process (len(file_list_muons)=100), exiting.
Rank 459: no CSV to process (len(file_list_muons)=100), exiting.
Rank 233: no CSV to process (len(file_list_muons)=100), exiting.
Rank 319: no CSV to process (len(file_list_muons)=100), exiting.
Rank 496: no CSV to process (len(file_list_muons)=100), exiting.
Rank 255: no CSV to process (len(file_list_muons)=100), exiting.
Rank 434: no CSV to process (len(file_list_muons)=100), exiting.
Rank 266: no CSV to process (len(file_list_muons)=100), exiting.
Rank 448: no CSV to process (len(file_list_muons)=100), exiting.
Rank 228: no CSV to process (len(file_list_muons)=100), exiting.
Rank 386: no CSV to process (len(file_list_muons)=100), exiting.
Rank 158: no CSV to process (len(file_list_muons)=100), exiting.
Rank 334: no CSV to process (len(file_list_muons)=100), exiting.
Rank 219: no CSV to process (len(file_list_muons)=100), exiting.
Rank 129: no CSV to process (len(file_list_muons)=100), exiting.
Rank 611: no CSV to process (len(file_list_muons)=100), exiting.
Rank 252: no CSV to process (len(file_list_muons)=100), exiting.
Rank 188: no CSV to process (len(file_list_muons)=100), exiting.
Rank 221: no CSV to process (len(file_list_muons)=100), exiting.
Rank 212: no CSV to process (len(file_list_muons)=100), exiting.
Rank 251: no CSV to process (len(file_list_muons)=100), exiting.
Rank 254: no CSV to process (len(file_list_muons)=100), exiting.
Rank 143: no CSV to process (len(file_list_muons)=100), exiting.
Rank 224: no CSV to process (len(file_list_muons)=100), exiting.
Rank 127: no CSV to process (len(file_list_muons)=100), exiting.
Rank 196: no CSV to process (len(file_list_muons)=100), exiting.
Rank 385: no CSV to process (len(file_list_muons)=100), exiting.
Rank 332: no CSV to process (len(file_list_muons)=100), exiting.
Rank 375: no CSV to process (len(file_list_muons)=100), exiting.
Rank 250: no CSV to process (len(file_list_muons)=100), exiting.
Rank 293: no CSV to process (len(file_list_muons)=100), exiting.
Rank 225: no CSV to process (len(file_list_muons)=100), exiting.
Rank 265: no CSV to process (len(file_list_muons)=100), exiting.
Rank 253: no CSV to process (len(file_list_muons)=100), exiting.
Rank 210: no CSV to process (len(file_list_muons)=100), exiting.
Rank 268: no CSV to process (len(file_list_muons)=100), exiting.
Rank 280: no CSV to process (len(file_list_muons)=100), exiting.
Rank 426: no CSV to process (len(file_list_muons)=100), exiting.
Rank 486: no CSV to process (len(file_list_muons)=100), exiting.
Rank 167: no CSV to process (len(file_list_muons)=100), exiting.
Rank 682: no CSV to process (len(file_list_muons)=100), exiting.
Rank 388: no CSV to process (len(file_list_muons)=100), exiting.
Rank 249: no CSV to process (len(file_list_muons)=100), exiting.
Rank 626: no CSV to process (len(file_list_muons)=100), exiting.
Rank 346: no CSV to process (len(file_list_muons)=100), exiting.
Rank 248: no CSV to process (len(file_list_muons)=100), exiting.
Rank 322: no CSV to process (len(file_list_muons)=100), exiting.
Rank 209: no CSV to process (len(file_list_muons)=100), exiting.
Rank 223: no CSV to process (len(file_list_muons)=100), exiting.
Rank 236: no CSV to process (len(file_list_muons)=100), exiting.
Rank 461: no CSV to process (len(file_list_muons)=100), exiting.
Rank 281: no CSV to process (len(file_list_muons)=100), exiting.
Rank 417: no CSV to process (len(file_list_muons)=100), exiting.
Rank 216: no CSV to process (len(file_list_muons)=100), exiting.
Rank 683: no CSV to process (len(file_list_muons)=100), exiting.
Rank 454: no CSV to process (len(file_list_muons)=100), exiting.
Rank 238: no CSV to process (len(file_list_muons)=100), exiting.
Rank 140: no CSV to process (len(file_list_muons)=100), exiting.
Rank 691: no CSV to process (len(file_list_muons)=100), exiting.
Rank 356: no CSV to process (len(file_list_muons)=100), exiting.
Rank 415: no CSV to process (len(file_list_muons)=100), exiting.
Rank 203: no CSV to process (len(file_list_muons)=100), exiting.
Rank 616: no CSV to process (len(file_list_muons)=100), exiting.
Rank 232: no CSV to process (len(file_list_muons)=100), exiting.
Rank 608: no CSV to process (len(file_list_muons)=100), exiting.
Rank 316: no CSV to process (len(file_list_muons)=100), exiting.
Rank 694: no CSV to process (len(file_list_muons)=100), exiting.
Rank 605: no CSV to process (len(file_list_muons)=100), exiting.
Rank 299: no CSV to process (len(file_list_muons)=100), exiting.
Rank 671: no CSV to process (len(file_list_muons)=100), exiting.
Rank 295: no CSV to process (len(file_list_muons)=100), exiting.
Rank 684: no CSV to process (len(file_list_muons)=100), exiting.
Rank 240: no CSV to process (len(file_list_muons)=100), exiting.
Rank 655: no CSV to process (len(file_list_muons)=100), exiting.
Rank 400: no CSV to process (len(file_list_muons)=100), exiting.
Rank 471: no CSV to process (len(file_list_muons)=100), exiting.
Rank 430: no CSV to process (len(file_list_muons)=100), exiting.
Rank 645: no CSV to process (len(file_list_muons)=100), exiting.
Rank 475: no CSV to process (len(file_list_muons)=100), exiting.
Rank 493: no CSV to process (len(file_list_muons)=100), exiting.
Rank 649: no CSV to process (len(file_list_muons)=100), exiting.
Rank 229: no CSV to process (len(file_list_muons)=100), exiting.
Rank 661: no CSV to process (len(file_list_muons)=100), exiting.
Rank 423: no CSV to process (len(file_list_muons)=100), exiting.
Rank 619: no CSV to process (len(file_list_muons)=100), exiting.
Rank 621: no CSV to process (len(file_list_muons)=100), exiting.
Rank 632: no CSV to process (len(file_list_muons)=100), exiting.
Rank 447: no CSV to process (len(file_list_muons)=100), exiting.
Rank 650: no CSV to process (len(file_list_muons)=100), exiting.
Rank 462: no CSV to process (len(file_list_muons)=100), exiting.
Rank 231: no CSV to process (len(file_list_muons)=100), exiting.
Rank 631: no CSV to process (len(file_list_muons)=100), exiting.
Rank 419: no CSV to process (len(file_list_muons)=100), exiting.
Rank 624: no CSV to process (len(file_list_muons)=100), exiting.
Rank 482: no CSV to process (len(file_list_muons)=100), exiting.
Rank 128: no CSV to process (len(file_list_muons)=100), exiting.
Rank 657: no CSV to process (len(file_list_muons)=100), exiting.
Rank 587: no CSV to process (len(file_list_muons)=100), exiting.
Rank 432: no CSV to process (len(file_list_muons)=100), exiting.
Rank 270: no CSV to process (len(file_list_muons)=100), exiting.
Rank 139: no CSV to process (len(file_list_muons)=100), exiting.
Rank 668: no CSV to process (len(file_list_muons)=100), exiting.
Rank 159: no CSV to process (len(file_list_muons)=100), exiting.
Rank 610: no CSV to process (len(file_list_muons)=100), exiting.
Rank 111: no CSV to process (len(file_list_muons)=100), exiting.
Rank 675: no CSV to process (len(file_list_muons)=100), exiting.
Rank 220: no CSV to process (len(file_list_muons)=100), exiting.
Rank 108: no CSV to process (len(file_list_muons)=100), exiting.
Rank 673: no CSV to process (len(file_list_muons)=100), exiting.
Rank 272: no CSV to process (len(file_list_muons)=100), exiting.
Rank 689: no CSV to process (len(file_list_muons)=100), exiting.
Rank 698: no CSV to process (len(file_list_muons)=100), exiting.
Rank 570: no CSV to process (len(file_list_muons)=100), exiting.
Rank 509: no CSV to process (len(file_list_muons)=100), exiting.
Rank 502: no CSV to process (len(file_list_muons)=100), exiting.
Rank 271: no CSV to process (len(file_list_muons)=100), exiting.
Rank 145: no CSV to process (len(file_list_muons)=100), exiting.
Rank 194: no CSV to process (len(file_list_muons)=100), exiting.
Rank 198: no CSV to process (len(file_list_muons)=100), exiting.
Rank 524: no CSV to process (len(file_list_muons)=100), exiting.
Rank 374: no CSV to process (len(file_list_muons)=100), exiting.
Rank 207: no CSV to process (len(file_list_muons)=100), exiting.
Rank 558: no CSV to process (len(file_list_muons)=100), exiting.
Rank 226: no CSV to process (len(file_list_muons)=100), exiting.
Rank 360: no CSV to process (len(file_list_muons)=100), exiting.
Rank 107: no CSV to process (len(file_list_muons)=100), exiting.
Rank 351: no CSV to process (len(file_list_muons)=100), exiting.
Rank 151: no CSV to process (len(file_list_muons)=100), exiting.
Rank 175: no CSV to process (len(file_list_muons)=100), exiting.
Rank 187: no CSV to process (len(file_list_muons)=100), exiting.
Rank 576: no CSV to process (len(file_list_muons)=100), exiting.
Rank 472: no CSV to process (len(file_list_muons)=100), exiting.
Rank 122: no CSV to process (len(file_list_muons)=100), exiting.
Rank 121: no CSV to process (len(file_list_muons)=100), exiting.
Rank 173: no CSV to process (len(file_list_muons)=100), exiting.
Rank 135: no CSV to process (len(file_list_muons)=100), exiting.
Rank 425: no CSV to process (len(file_list_muons)=100), exiting.
Rank 176: no CSV to process (len(file_list_muons)=100), exiting.
Rank 483: no CSV to process (len(file_list_muons)=100), exiting.
Rank 189: no CSV to process (len(file_list_muons)=100), exiting.
Rank 399: no CSV to process (len(file_list_muons)=100), exiting.
Rank 455: no CSV to process (len(file_list_muons)=100), exiting.
Rank 115: no CSV to process (len(file_list_muons)=100), exiting.
Rank 118: no CSV to process (len(file_list_muons)=100), exiting.
Rank 156: no CSV to process (len(file_list_muons)=100), exiting.
Rank 442: no CSV to process (len(file_list_muons)=100), exiting.
Rank 282: no CSV to process (len(file_list_muons)=100), exiting.
Rank 554: no CSV to process (len(file_list_muons)=100), exiting.
Rank 501: no CSV to process (len(file_list_muons)=100), exiting.
Rank 113: no CSV to process (len(file_list_muons)=100), exiting.
Rank 594: no CSV to process (len(file_list_muons)=100), exiting.
Rank 674: no CSV to process (len(file_list_muons)=100), exiting.
Rank 508: no CSV to process (len(file_list_muons)=100), exiting.
Rank 670: no CSV to process (len(file_list_muons)=100), exiting.
Rank 536: no CSV to process (len(file_list_muons)=100), exiting.
Rank 120: no CSV to process (len(file_list_muons)=100), exiting.
Rank 580: no CSV to process (len(file_list_muons)=100), exiting.
Rank 470: no CSV to process (len(file_list_muons)=100), exiting.
Rank 640: no CSV to process (len(file_list_muons)=100), exiting.
Rank 446: no CSV to process (len(file_list_muons)=100), exiting.
Rank 179: no CSV to process (len(file_list_muons)=100), exiting.
Rank 695: no CSV to process (len(file_list_muons)=100), exiting.
Rank 571: no CSV to process (len(file_list_muons)=100), exiting.
Rank 180: no CSV to process (len(file_list_muons)=100), exiting.
Rank 519: no CSV to process (len(file_list_muons)=100), exiting.
Rank 553: no CSV to process (len(file_list_muons)=100), exiting.
Rank 627: no CSV to process (len(file_list_muons)=100), exiting.
Rank 222: no CSV to process (len(file_list_muons)=100), exiting.
Rank 193: no CSV to process (len(file_list_muons)=100), exiting.
Rank 600: no CSV to process (len(file_list_muons)=100), exiting.
Rank 660: no CSV to process (len(file_list_muons)=100), exiting.
Rank 572: no CSV to process (len(file_list_muons)=100), exiting.
Rank 259: no CSV to process (len(file_list_muons)=100), exiting.
Rank 147: no CSV to process (len(file_list_muons)=100), exiting.
Rank 564: no CSV to process (len(file_list_muons)=100), exiting.
Rank 283: no CSV to process (len(file_list_muons)=100), exiting.
Rank 110: no CSV to process (len(file_list_muons)=100), exiting.
Rank 114: no CSV to process (len(file_list_muons)=100), exiting.
Rank 532: no CSV to process (len(file_list_muons)=100), exiting.
Rank 586: no CSV to process (len(file_list_muons)=100), exiting.
Rank 171: no CSV to process (len(file_list_muons)=100), exiting.
Rank 516: no CSV to process (len(file_list_muons)=100), exiting.
Rank 291: no CSV to process (len(file_list_muons)=100), exiting.
Rank 559: no CSV to process (len(file_list_muons)=100), exiting.
Rank 521: no CSV to process (len(file_list_muons)=100), exiting.
Rank 285: no CSV to process (len(file_list_muons)=100), exiting.
Rank 463: no CSV to process (len(file_list_muons)=100), exiting.
Rank 639: no CSV to process (len(file_list_muons)=100), exiting.
Rank 654: no CSV to process (len(file_list_muons)=100), exiting.
Rank 518: no CSV to process (len(file_list_muons)=100), exiting.
Rank 629: no CSV to process (len(file_list_muons)=100), exiting.
Rank 625: no CSV to process (len(file_list_muons)=100), exiting.
Rank 672: no CSV to process (len(file_list_muons)=100), exiting.
Rank 663: no CSV to process (len(file_list_muons)=100), exiting.
Rank 690: no CSV to process (len(file_list_muons)=100), exiting.
Rank 478: no CSV to process (len(file_list_muons)=100), exiting.
Rank 641: no CSV to process (len(file_list_muons)=100), exiting.
Rank 453: no CSV to process (len(file_list_muons)=100), exiting.
Rank 686: no CSV to process (len(file_list_muons)=100), exiting.
Rank 642: no CSV to process (len(file_list_muons)=100), exiting.
Rank 491: no CSV to process (len(file_list_muons)=100), exiting.
Rank 665: no CSV to process (len(file_list_muons)=100), exiting.
Rank 667: no CSV to process (len(file_list_muons)=100), exiting.
Rank 656: no CSV to process (len(file_list_muons)=100), exiting.
Rank 614: no CSV to process (len(file_list_muons)=100), exiting.
Rank 643: no CSV to process (len(file_list_muons)=100), exiting.
Rank 541: no CSV to process (len(file_list_muons)=100), exiting.
Rank 647: no CSV to process (len(file_list_muons)=100), exiting.
Rank 609: no CSV to process (len(file_list_muons)=100), exiting.
Rank 451: no CSV to process (len(file_list_muons)=100), exiting.
Rank 633: no CSV to process (len(file_list_muons)=100), exiting.
Rank 550: no CSV to process (len(file_list_muons)=100), exiting.
Rank 369: no CSV to process (len(file_list_muons)=100), exiting.
Rank 622: no CSV to process (len(file_list_muons)=100), exiting.
Rank 566: no CSV to process (len(file_list_muons)=100), exiting.
Rank 603: no CSV to process (len(file_list_muons)=100), exiting.
Rank 537: no CSV to process (len(file_list_muons)=100), exiting.
Rank 652: no CSV to process (len(file_list_muons)=100), exiting.
Rank 680: no CSV to process (len(file_list_muons)=100), exiting.
Rank 662: no CSV to process (len(file_list_muons)=100), exiting.
Rank 577: no CSV to process (len(file_list_muons)=100), exiting.
Rank 306: no CSV to process (len(file_list_muons)=100), exiting.
Rank 602: no CSV to process (len(file_list_muons)=100), exiting.
Rank 523: no CSV to process (len(file_list_muons)=100), exiting.
Rank 529: no CSV to process (len(file_list_muons)=100), exiting.
Rank 195: no CSV to process (len(file_list_muons)=100), exiting.
Rank 152: no CSV to process (len(file_list_muons)=100), exiting.
Rank 131: no CSV to process (len(file_list_muons)=100), exiting.
Rank 190: no CSV to process (len(file_list_muons)=100), exiting.
Rank 106: no CSV to process (len(file_list_muons)=100), exiting.
Rank 273: no CSV to process (len(file_list_muons)=100), exiting.
Rank 146: no CSV to process (len(file_list_muons)=100), exiting.
Rank 160: no CSV to process (len(file_list_muons)=100), exiting.
Rank 165: no CSV to process (len(file_list_muons)=100), exiting.
Rank 169: no CSV to process (len(file_list_muons)=100), exiting.
Rank 141: no CSV to process (len(file_list_muons)=100), exiting.
Rank 172: no CSV to process (len(file_list_muons)=100), exiting.
Rank 178: no CSV to process (len(file_list_muons)=100), exiting.
Rank 481: no CSV to process (len(file_list_muons)=100), exiting.
Rank 320: no CSV to process (len(file_list_muons)=100), exiting.
Rank 487: no CSV to process (len(file_list_muons)=100), exiting.
Rank 441: no CSV to process (len(file_list_muons)=100), exiting.
Rank 490: no CSV to process (len(file_list_muons)=100), exiting.
Rank 427: no CSV to process (len(file_list_muons)=100), exiting.
Rank 458: no CSV to process (len(file_list_muons)=100), exiting.
Rank 469: no CSV to process (len(file_list_muons)=100), exiting.
Rank 551: no CSV to process (len(file_list_muons)=100), exiting.
Rank 302: no CSV to process (len(file_list_muons)=100), exiting.
Rank 408: no CSV to process (len(file_list_muons)=100), exiting.
Rank 555: no CSV to process (len(file_list_muons)=100), exiting.
Rank 352: no CSV to process (len(file_list_muons)=100), exiting.
Rank 276: no CSV to process (len(file_list_muons)=100), exiting.
Rank 499: no CSV to process (len(file_list_muons)=100), exiting.
Rank 237: no CSV to process (len(file_list_muons)=100), exiting.
Rank 494: no CSV to process (len(file_list_muons)=100), exiting.
Rank 206: no CSV to process (len(file_list_muons)=100), exiting.
Rank 420: no CSV to process (len(file_list_muons)=100), exiting.
Rank 467: no CSV to process (len(file_list_muons)=100), exiting.
Rank 292: no CSV to process (len(file_list_muons)=100), exiting.
Rank 215: no CSV to process (len(file_list_muons)=100), exiting.
Rank 247: no CSV to process (len(file_list_muons)=100), exiting.
Rank 343: no CSV to process (len(file_list_muons)=100), exiting.
Rank 368: no CSV to process (len(file_list_muons)=100), exiting.
Rank 538: no CSV to process (len(file_list_muons)=100), exiting.
Rank 480: no CSV to process (len(file_list_muons)=100), exiting.
Rank 439: no CSV to process (len(file_list_muons)=100), exiting.
Rank 422: no CSV to process (len(file_list_muons)=100), exiting.
Rank 405: no CSV to process (len(file_list_muons)=100), exiting.
Rank 526: no CSV to process (len(file_list_muons)=100), exiting.
Rank 479: no CSV to process (len(file_list_muons)=100), exiting.
Rank 497: no CSV to process (len(file_list_muons)=100), exiting.
Rank 449: no CSV to process (len(file_list_muons)=100), exiting.
Rank 498: no CSV to process (len(file_list_muons)=100), exiting.
Rank 317: no CSV to process (len(file_list_muons)=100), exiting.
Rank 477: no CSV to process (len(file_list_muons)=100), exiting.
Rank 402: no CSV to process (len(file_list_muons)=100), exiting.
Rank 440: no CSV to process (len(file_list_muons)=100), exiting.
Rank 411: no CSV to process (len(file_list_muons)=100), exiting.
Rank 410: no CSV to process (len(file_list_muons)=100), exiting.
Rank 421: no CSV to process (len(file_list_muons)=100), exiting.
Rank 450: no CSV to process (len(file_list_muons)=100), exiting.
Rank 445: no CSV to process (len(file_list_muons)=100), exiting.
Rank 380: no CSV to process (len(file_list_muons)=100), exiting.
Rank 275: no CSV to process (len(file_list_muons)=100), exiting.
Rank 327: no CSV to process (len(file_list_muons)=100), exiting.
Rank 213: no CSV to process (len(file_list_muons)=100), exiting.
Rank 387: no CSV to process (len(file_list_muons)=100), exiting.
Rank 563: no CSV to process (len(file_list_muons)=100), exiting.
Rank 598: no CSV to process (len(file_list_muons)=100), exiting.
Rank 403: no CSV to process (len(file_list_muons)=100), exiting.
Rank 409: no CSV to process (len(file_list_muons)=100), exiting.
Rank 379: no CSV to process (len(file_list_muons)=100), exiting.
Rank 452: no CSV to process (len(file_list_muons)=100), exiting.
Rank 363: no CSV to process (len(file_list_muons)=100), exiting.
Rank 457: no CSV to process (len(file_list_muons)=100), exiting.
Rank 349: no CSV to process (len(file_list_muons)=100), exiting.
Rank 488: no CSV to process (len(file_list_muons)=100), exiting.
Rank 424: no CSV to process (len(file_list_muons)=100), exiting.
Rank 344: no CSV to process (len(file_list_muons)=100), exiting.
Rank 326: no CSV to process (len(file_list_muons)=100), exiting.
Rank 444: no CSV to process (len(file_list_muons)=100), exiting.
Rank 468: no CSV to process (len(file_list_muons)=100), exiting.
Rank 364: no CSV to process (len(file_list_muons)=100), exiting.
Rank 367: no CSV to process (len(file_list_muons)=100), exiting.
Rank 485: no CSV to process (len(file_list_muons)=100), exiting.
Rank 347: no CSV to process (len(file_list_muons)=100), exiting.
Rank 407: no CSV to process (len(file_list_muons)=100), exiting.
Rank 345: no CSV to process (len(file_list_muons)=100), exiting.
Rank 309: no CSV to process (len(file_list_muons)=100), exiting.
Rank 456: no CSV to process (len(file_list_muons)=100), exiting.
Rank 401: no CSV to process (len(file_list_muons)=100), exiting.
Rank 396: no CSV to process (len(file_list_muons)=100), exiting.
Rank 473: no CSV to process (len(file_list_muons)=100), exiting.
Rank 315: no CSV to process (len(file_list_muons)=100), exiting.
Rank 398: no CSV to process (len(file_list_muons)=100), exiting.
Rank 310: no CSV to process (len(file_list_muons)=100), exiting.
Rank 335: no CSV to process (len(file_list_muons)=100), exiting.
Rank 365: no CSV to process (len(file_list_muons)=100), exiting.
Rank 378: no CSV to process (len(file_list_muons)=100), exiting.
Rank 370: no CSV to process (len(file_list_muons)=100), exiting.
Rank 389: no CSV to process (len(file_list_muons)=100), exiting.
Rank 314: no CSV to process (len(file_list_muons)=100), exiting.
Rank 416: no CSV to process (len(file_list_muons)=100), exiting.
Rank 428: no CSV to process (len(file_list_muons)=100), exiting.
Rank 414: no CSV to process (len(file_list_muons)=100), exiting.
Rank 303: no CSV to process (len(file_list_muons)=100), exiting.
Rank 438: no CSV to process (len(file_list_muons)=100), exiting.
Rank 392: no CSV to process (len(file_list_muons)=100), exiting.
Rank 530: no CSV to process (len(file_list_muons)=100), exiting.
Rank 258: no CSV to process (len(file_list_muons)=100), exiting.
Rank 260: no CSV to process (len(file_list_muons)=100), exiting.
Rank 257: no CSV to process (len(file_list_muons)=100), exiting.
Rank 395: no CSV to process (len(file_list_muons)=100), exiting.
Rank 338: no CSV to process (len(file_list_muons)=100), exiting.
Rank 474: no CSV to process (len(file_list_muons)=100), exiting.
Rank 406: no CSV to process (len(file_list_muons)=100), exiting.
Rank 431: no CSV to process (len(file_list_muons)=100), exiting.
Rank 437: no CSV to process (len(file_list_muons)=100), exiting.
Rank 244: no CSV to process (len(file_list_muons)=100), exiting.
Rank 418: no CSV to process (len(file_list_muons)=100), exiting.
Rank 484: no CSV to process (len(file_list_muons)=100), exiting.
Rank 476: no CSV to process (len(file_list_muons)=100), exiting.
Rank 465: no CSV to process (len(file_list_muons)=100), exiting.
Rank 433: no CSV to process (len(file_list_muons)=100), exiting.
Rank 436: no CSV to process (len(file_list_muons)=100), exiting.
Rank 460: no CSV to process (len(file_list_muons)=100), exiting.
Rank 304: no CSV to process (len(file_list_muons)=100), exiting.
Rank 466: no CSV to process (len(file_list_muons)=100), exiting.
Rank 589: no CSV to process (len(file_list_muons)=100), exiting.
Rank 393: no CSV to process (len(file_list_muons)=100), exiting.
Rank 404: no CSV to process (len(file_list_muons)=100), exiting.
Rank 591: no CSV to process (len(file_list_muons)=100), exiting.
Rank 341: no CSV to process (len(file_list_muons)=100), exiting.
Rank 373: no CSV to process (len(file_list_muons)=100), exiting.
Rank 391: no CSV to process (len(file_list_muons)=100), exiting.
Rank 311: no CSV to process (len(file_list_muons)=100), exiting.
Rank 324: no CSV to process (len(file_list_muons)=100), exiting.
Rank 313: no CSV to process (len(file_list_muons)=100), exiting.
Rank 342: no CSV to process (len(file_list_muons)=100), exiting.
Rank 359: no CSV to process (len(file_list_muons)=100), exiting.
Rank 307: no CSV to process (len(file_list_muons)=100), exiting.
Rank 371: no CSV to process (len(file_list_muons)=100), exiting.
Rank 328: no CSV to process (len(file_list_muons)=100), exiting.
Rank 506: no CSV to process (len(file_list_muons)=100), exiting.
Rank 383: no CSV to process (len(file_list_muons)=100), exiting.
Rank 381: no CSV to process (len(file_list_muons)=100), exiting.
Rank 394: no CSV to process (len(file_list_muons)=100), exiting.
Rank 331: no CSV to process (len(file_list_muons)=100), exiting.
Rank 267: no CSV to process (len(file_list_muons)=100), exiting.
Rank 246: no CSV to process (len(file_list_muons)=100), exiting.
Rank 279: no CSV to process (len(file_list_muons)=100), exiting.
Rank 274: no CSV to process (len(file_list_muons)=100), exiting.
Rank 300: no CSV to process (len(file_list_muons)=100), exiting.
Rank 262: no CSV to process (len(file_list_muons)=100), exiting.
Rank 263: no CSV to process (len(file_list_muons)=100), exiting.
Rank 290: no CSV to process (len(file_list_muons)=100), exiting.
Rank 241: no CSV to process (len(file_list_muons)=100), exiting.
Rank 243: no CSV to process (len(file_list_muons)=100), exiting.
Rank 269: no CSV to process (len(file_list_muons)=100), exiting.
Rank 510: no CSV to process (len(file_list_muons)=100), exiting.
Rank 556: no CSV to process (len(file_list_muons)=100), exiting.
Rank 211: no CSV to process (len(file_list_muons)=100), exiting.
Rank 298: no CSV to process (len(file_list_muons)=100), exiting.
Rank 289: no CSV to process (len(file_list_muons)=100), exiting.
Rank 312: no CSV to process (len(file_list_muons)=100), exiting.
Rank 339: no CSV to process (len(file_list_muons)=100), exiting.
Rank 350: no CSV to process (len(file_list_muons)=100), exiting.
Rank 204: no CSV to process (len(file_list_muons)=100), exiting.
Rank 520: no CSV to process (len(file_list_muons)=100), exiting.
Rank 544: no CSV to process (len(file_list_muons)=100), exiting.
Rank 557: no CSV to process (len(file_list_muons)=100), exiting.
Rank 527: no CSV to process (len(file_list_muons)=100), exiting.
Rank 217: no CSV to process (len(file_list_muons)=100), exiting.
Rank 242: no CSV to process (len(file_list_muons)=100), exiting.
Rank 284: no CSV to process (len(file_list_muons)=100), exiting.
Rank 549: no CSV to process (len(file_list_muons)=100), exiting.
Rank 321: no CSV to process (len(file_list_muons)=100), exiting.
Rank 325: no CSV to process (len(file_list_muons)=100), exiting.
Rank 301: no CSV to process (len(file_list_muons)=100), exiting.
Rank 333: no CSV to process (len(file_list_muons)=100), exiting.
Rank 565: no CSV to process (len(file_list_muons)=100), exiting.
Rank 308: no CSV to process (len(file_list_muons)=100), exiting.
Rank 287: no CSV to process (len(file_list_muons)=100), exiting.
Rank 296: no CSV to process (len(file_list_muons)=100), exiting.
Rank 261: no CSV to process (len(file_list_muons)=100), exiting.
Rank 297: no CSV to process (len(file_list_muons)=100), exiting.
Rank 305: no CSV to process (len(file_list_muons)=100), exiting.
Rank 377: no CSV to process (len(file_list_muons)=100), exiting.
Rank 256: no CSV to process (len(file_list_muons)=100), exiting.
Rank 230: no CSV to process (len(file_list_muons)=100), exiting.
Rank 218: no CSV to process (len(file_list_muons)=100), exiting.
Rank 323: no CSV to process (len(file_list_muons)=100), exiting.
Rank 585: no CSV to process (len(file_list_muons)=100), exiting.
Rank 362: no CSV to process (len(file_list_muons)=100), exiting.
Rank 366: no CSV to process (len(file_list_muons)=100), exiting.
Rank 358: no CSV to process (len(file_list_muons)=100), exiting.
Rank 337: no CSV to process (len(file_list_muons)=100), exiting.
Rank 245: no CSV to process (len(file_list_muons)=100), exiting.
Rank 202: no CSV to process (len(file_list_muons)=100), exiting.
Rank 278: no CSV to process (len(file_list_muons)=100), exiting.
Rank 264: no CSV to process (len(file_list_muons)=100), exiting.
Rank 512: no CSV to process (len(file_list_muons)=100), exiting.
Rank 595: no CSV to process (len(file_list_muons)=100), exiting.
Rank 569: no CSV to process (len(file_list_muons)=100), exiting.
Rank 525: no CSV to process (len(file_list_muons)=100), exiting.
Rank 567: no CSV to process (len(file_list_muons)=100), exiting.
Rank 592: no CSV to process (len(file_list_muons)=100), exiting.
Rank 562: no CSV to process (len(file_list_muons)=100), exiting.
Rank 575: no CSV to process (len(file_list_muons)=100), exiting.
Rank 582: no CSV to process (len(file_list_muons)=100), exiting.
Rank 535: no CSV to process (len(file_list_muons)=100), exiting.
Rank 513: no CSV to process (len(file_list_muons)=100), exiting.
Rank 517: no CSV to process (len(file_list_muons)=100), exiting.
Rank 573: no CSV to process (len(file_list_muons)=100), exiting.
Rank 515: no CSV to process (len(file_list_muons)=100), exiting.
Rank 540: no CSV to process (len(file_list_muons)=100), exiting.
Rank 507: no CSV to process (len(file_list_muons)=100), exiting.
Rank 547: no CSV to process (len(file_list_muons)=100), exiting.
Rank 539: no CSV to process (len(file_list_muons)=100), exiting.
Rank 511: no CSV to process (len(file_list_muons)=100), exiting.
Rank 543: no CSV to process (len(file_list_muons)=100), exiting.
Rank 599: no CSV to process (len(file_list_muons)=100), exiting.
Rank 500: no CSV to process (len(file_list_muons)=100), exiting.
Rank 581: no CSV to process (len(file_list_muons)=100), exiting.
Rank 568: no CSV to process (len(file_list_muons)=100), exiting.
Rank 552: no CSV to process (len(file_list_muons)=100), exiting.
Rank 522: no CSV to process (len(file_list_muons)=100), exiting.
Rank 588: no CSV to process (len(file_list_muons)=100), exiting.
Rank 590: no CSV to process (len(file_list_muons)=100), exiting.
Rank 505: no CSV to process (len(file_list_muons)=100), exiting.
Rank 597: no CSV to process (len(file_list_muons)=100), exiting.
Rank 546: no CSV to process (len(file_list_muons)=100), exiting.
Rank 583: no CSV to process (len(file_list_muons)=100), exiting.
Rank 584: no CSV to process (len(file_list_muons)=100), exiting.
Rank 533: no CSV to process (len(file_list_muons)=100), exiting.
Rank 514: no CSV to process (len(file_list_muons)=100), exiting.
Rank 574: no CSV to process (len(file_list_muons)=100), exiting.
Rank 545: no CSV to process (len(file_list_muons)=100), exiting.
Rank 578: no CSV to process (len(file_list_muons)=100), exiting.
Rank 504: no CSV to process (len(file_list_muons)=100), exiting.
Rank 528: no CSV to process (len(file_list_muons)=100), exiting.
Rank 503: no CSV to process (len(file_list_muons)=100), exiting.
Rank 542: no CSV to process (len(file_list_muons)=100), exiting.
Rank 531: no CSV to process (len(file_list_muons)=100), exiting.
Rank 579: no CSV to process (len(file_list_muons)=100), exiting.
Rank 561: no CSV to process (len(file_list_muons)=100), exiting.
Rank 596: no CSV to process (len(file_list_muons)=100), exiting.
Rank 593: no CSV to process (len(file_list_muons)=100), exiting.
Rank 534: no CSV to process (len(file_list_muons)=100), exiting.
Rank 548: no CSV to process (len(file_list_muons)=100), exiting.
Rank 560: no CSV to process (len(file_list_muons)=100), exiting.
[rank 11] CSV : /global/cfs/cdirs/dune/users/wermelinger/2x2/PDE_study/run1_2x2_muons_first100/packet-0050017-2024_07_08_16_13_42_CDT.FLOW.hdf5.csv
[rank 11] HDF5: /global/cfs/cdirs/dune/www/data/2x2/reflows/v11/flow/beam/july8_2024/nominal_hv/packet-0050017-2024_07_08_16_13_42_CDT.FLOW.hdf5
[rank 11] ERROR processing packet-0050017-2024_07_08_16_13_42_CDT.FLOW.hdf5.csv: Cannot convert masked element to a Python int.
[rank 67] CSV : /global/cfs/cdirs/dune/users/wermelinger/2x2/PDE_study/run1_2x2_muons_first100/packet-0050017-2024_07_09_01_44_44_CDT.FLOW.hdf5.csv
[rank 67] HDF5: /global/cfs/cdirs/dune/www/data/2x2/reflows/v11/flow/beam/july8_2024/nominal_hv/packet-0050017-2024_07_09_01_44_44_CDT.FLOW.hdf5
[rank worker] Wrote 128 traps to 'pde_files/pde_packet-0050017-2024_07_09_01_44_44_CDT.FLOW.hdf5.csv'.
[rank 7] CSV : /global/cfs/cdirs/dune/users/wermelinger/2x2/PDE_study/run1_2x2_muons_first100/packet-0050017-2024_07_08_14_53_33_CDT.FLOW.hdf5.csv
[rank 7] HDF5: /global/cfs/cdirs/dune/www/data/2x2/reflows/v11/flow/beam/july8_2024/nominal_hv/packet-0050017-2024_07_08_14_53_33_CDT.FLOW.hdf5
[rank worker] Wrote 128 traps to 'pde_files/pde_packet-0050017-2024_07_08_14_53_33_CDT.FLOW.hdf5.csv'.
[rank 10] CSV : /global/cfs/cdirs/dune/users/wermelinger/2x2/PDE_study/run1_2x2_muons_first100/packet-0050017-2024_07_08_16_03_41_CDT.FLOW.hdf5.csv
[rank 10] HDF5: /global/cfs/cdirs/dune/www/data/2x2/reflows/v11/flow/beam/july8_2024/nominal_hv/packet-0050017-2024_07_08_16_03_41_CDT.FLOW.hdf5
[rank worker] Wrote 128 traps to 'pde_files/pde_packet-0050017-2024_07_08_16_03_41_CDT.FLOW.hdf5.csv'.
[rank 90] CSV : /global/cfs/cdirs/dune/users/wermelinger/2x2/PDE_study/run1_2x2_muons_first100/packet-0050017-2024_07_09_05_45_09_CDT.FLOW.hdf5.csv
[rank 90] HDF5: /global/cfs/cdirs/dune/www/data/2x2/reflows/v11/flow/beam/july8_2024/nominal_hv/packet-0050017-2024_07_09_05_45_09_CDT.FLOW.hdf5
[rank worker] Wrote 128 traps to 'pde_files/pde_packet-0050017-2024_07_09_05_45_09_CDT.FLOW.hdf5.csv'.
[rank 20] CSV : /global/cfs/cdirs/dune/users/wermelinger/2x2/PDE_study/run1_2x2_muons_first100/packet-0050017-2024_07_08_17_43_52_CDT.FLOW.hdf5.csv
[rank 20] HDF5: /global/cfs/cdirs/dune/www/data/2x2/reflows/v11/flow/beam/july8_2024/nominal_hv/packet-0050017-2024_07_08_17_43_52_CDT.FLOW.hdf5
[rank worker] Wrote 128 traps to 'pde_files/pde_packet-0050017-2024_07_08_17_43_52_CDT.FLOW.hdf5.csv'.
[rank 45] CSV : /global/cfs/cdirs/dune/users/wermelinger/2x2/PDE_study/run1_2x2_muons_first100/packet-0050017-2024_07_08_22_04_20_CDT.FLOW.hdf5.csv
[rank 45] HDF5: /global/cfs/cdirs/dune/www/data/2x2/reflows/v11/flow/beam/july8_2024/nominal_hv/packet-0050017-2024_07_08_22_04_20_CDT.FLOW.hdf5
[rank worker] Wrote 128 traps to 'pde_files/pde_packet-0050017-2024_07_08_22_04_20_CDT.FLOW.hdf5.csv'.
[rank 31] CSV : /global/cfs/cdirs/dune/users/wermelinger/2x2/PDE_study/run1_2x2_muons_first100/packet-0050017-2024_07_08_19_34_04_CDT.FLOW.hdf5.csv
[rank 31] HDF5: /global/cfs/cdirs/dune/www/data/2x2/reflows/v11/flow/beam/july8_2024/nominal_hv/packet-0050017-2024_07_08_19_34_04_CDT.FLOW.hdf5
[rank worker] Wrote 128 traps to 'pde_files/pde_packet-0050017-2024_07_08_19_34_04_CDT.FLOW.hdf5.csv'.
[rank 36] CSV : /global/cfs/cdirs/dune/users/wermelinger/2x2/PDE_study/run1_2x2_muons_first100/packet-0050017-2024_07_08_20_24_09_CDT.FLOW.hdf5.csv
[rank 36] HDF5: /global/cfs/cdirs/dune/www/data/2x2/reflows/v11/flow/beam/july8_2024/nominal_hv/packet-0050017-2024_07_08_20_24_09_CDT.FLOW.hdf5
[rank worker] Wrote 128 traps to 'pde_files/pde_packet-0050017-2024_07_08_20_24_09_CDT.FLOW.hdf5.csv'.
[rank 82] CSV : /global/cfs/cdirs/dune/users/wermelinger/2x2/PDE_study/run1_2x2_muons_first100/packet-0050017-2024_07_09_04_14_59_CDT.FLOW.hdf5.csv
[rank 82] HDF5: /global/cfs/cdirs/dune/www/data/2x2/reflows/v11/flow/beam/july8_2024/nominal_hv/packet-0050017-2024_07_09_04_14_59_CDT.FLOW.hdf5
[rank worker] Wrote 128 traps to 'pde_files/pde_packet-0050017-2024_07_09_04_14_59_CDT.FLOW.hdf5.csv'.
[rank 63] CSV : /global/cfs/cdirs/dune/users/wermelinger/2x2/PDE_study/run1_2x2_muons_first100/packet-0050017-2024_07_09_01_04_39_CDT.FLOW.hdf5.csv
[rank 63] HDF5: /global/cfs/cdirs/dune/www/data/2x2/reflows/v11/flow/beam/july8_2024/nominal_hv/packet-0050017-2024_07_09_01_04_39_CDT.FLOW.hdf5
[rank worker] Wrote 128 traps to 'pde_files/pde_packet-0050017-2024_07_09_01_04_39_CDT.FLOW.hdf5.csv'.
[rank 95] CSV : /global/cfs/cdirs/dune/users/wermelinger/2x2/PDE_study/run1_2x2_muons_first100/packet-0050017-2024_07_09_06_35_14_CDT.FLOW.hdf5.csv
[rank 95] HDF5: /global/cfs/cdirs/dune/www/data/2x2/reflows/v11/flow/beam/july8_2024/nominal_hv/packet-0050017-2024_07_09_06_35_14_CDT.FLOW.hdf5
[rank worker] Wrote 128 traps to 'pde_files/pde_packet-0050017-2024_07_09_06_35_14_CDT.FLOW.hdf5.csv'.
[rank 15] CSV : /global/cfs/cdirs/dune/users/wermelinger/2x2/PDE_study/run1_2x2_muons_first100/packet-0050017-2024_07_08_16_53_46_CDT.FLOW.hdf5.csv
[rank 15] HDF5: /global/cfs/cdirs/dune/www/data/2x2/reflows/v11/flow/beam/july8_2024/nominal_hv/packet-0050017-2024_07_08_16_53_46_CDT.FLOW.hdf5
[rank worker] Wrote 128 traps to 'pde_files/pde_packet-0050017-2024_07_08_16_53_46_CDT.FLOW.hdf5.csv'.
[rank 89] CSV : /global/cfs/cdirs/dune/users/wermelinger/2x2/PDE_study/run1_2x2_muons_first100/packet-0050017-2024_07_09_05_35_08_CDT.FLOW.hdf5.csv
[rank 89] HDF5: /global/cfs/cdirs/dune/www/data/2x2/reflows/v11/flow/beam/july8_2024/nominal_hv/packet-0050017-2024_07_09_05_35_08_CDT.FLOW.hdf5
[rank worker] Wrote 128 traps to 'pde_files/pde_packet-0050017-2024_07_09_05_35_08_CDT.FLOW.hdf5.csv'.
[rank 88] CSV : /global/cfs/cdirs/dune/users/wermelinger/2x2/PDE_study/run1_2x2_muons_first100/packet-0050017-2024_07_09_05_25_07_CDT.FLOW.hdf5.csv
[rank 88] HDF5: /global/cfs/cdirs/dune/www/data/2x2/reflows/v11/flow/beam/july8_2024/nominal_hv/packet-0050017-2024_07_09_05_25_07_CDT.FLOW.hdf5
[rank worker] Wrote 128 traps to 'pde_files/pde_packet-0050017-2024_07_09_05_25_07_CDT.FLOW.hdf5.csv'.
[rank 19] CSV : /global/cfs/cdirs/dune/users/wermelinger/2x2/PDE_study/run1_2x2_muons_first100/packet-0050017-2024_07_08_17_33_51_CDT.FLOW.hdf5.csv
[rank 19] HDF5: /global/cfs/cdirs/dune/www/data/2x2/reflows/v11/flow/beam/july8_2024/nominal_hv/packet-0050017-2024_07_08_17_33_51_CDT.FLOW.hdf5
[rank worker] Wrote 128 traps to 'pde_files/pde_packet-0050017-2024_07_08_17_33_51_CDT.FLOW.hdf5.csv'.
[rank 4] CSV : /global/cfs/cdirs/dune/users/wermelinger/2x2/PDE_study/run1_2x2_muons_first100/packet-0050017-2024_07_08_14_23_30_CDT.FLOW.hdf5.csv
[rank 4] HDF5: /global/cfs/cdirs/dune/www/data/2x2/reflows/v11/flow/beam/july8_2024/nominal_hv/packet-0050017-2024_07_08_14_23_30_CDT.FLOW.hdf5
[rank worker] Wrote 128 traps to 'pde_files/pde_packet-0050017-2024_07_08_14_23_30_CDT.FLOW.hdf5.csv'.
[rank 37] CSV : /global/cfs/cdirs/dune/users/wermelinger/2x2/PDE_study/run1_2x2_muons_first100/packet-0050017-2024_07_08_20_34_10_CDT.FLOW.hdf5.csv
[rank 37] HDF5: /global/cfs/cdirs/dune/www/data/2x2/reflows/v11/flow/beam/july8_2024/nominal_hv/packet-0050017-2024_07_08_20_34_10_CDT.FLOW.hdf5
[rank worker] Wrote 128 traps to 'pde_files/pde_packet-0050017-2024_07_08_20_34_10_CDT.FLOW.hdf5.csv'.
[rank 51] CSV : /global/cfs/cdirs/dune/users/wermelinger/2x2/PDE_study/run1_2x2_muons_first100/packet-0050017-2024_07_08_23_04_26_CDT.FLOW.hdf5.csv
[rank 51] HDF5: /global/cfs/cdirs/dune/www/data/2x2/reflows/v11/flow/beam/july8_2024/nominal_hv/packet-0050017-2024_07_08_23_04_26_CDT.FLOW.hdf5
[rank worker] Wrote 128 traps to 'pde_files/pde_packet-0050017-2024_07_08_23_04_26_CDT.FLOW.hdf5.csv'.
[rank 81] CSV : /global/cfs/cdirs/dune/users/wermelinger/2x2/PDE_study/run1_2x2_muons_first100/packet-0050017-2024_07_09_04_04_58_CDT.FLOW.hdf5.csv
[rank 81] HDF5: /global/cfs/cdirs/dune/www/data/2x2/reflows/v11/flow/beam/july8_2024/nominal_hv/packet-0050017-2024_07_09_04_04_58_CDT.FLOW.hdf5
[rank worker] Wrote 128 traps to 'pde_files/pde_packet-0050017-2024_07_09_04_04_58_CDT.FLOW.hdf5.csv'.
[rank 46] CSV : /global/cfs/cdirs/dune/users/wermelinger/2x2/PDE_study/run1_2x2_muons_first100/packet-0050017-2024_07_08_22_14_21_CDT.FLOW.hdf5.csv
[rank 46] HDF5: /global/cfs/cdirs/dune/www/data/2x2/reflows/v11/flow/beam/july8_2024/nominal_hv/packet-0050017-2024_07_08_22_14_21_CDT.FLOW.hdf5
[rank worker] Wrote 128 traps to 'pde_files/pde_packet-0050017-2024_07_08_22_14_21_CDT.FLOW.hdf5.csv'.
[rank 80] CSV : /global/cfs/cdirs/dune/users/wermelinger/2x2/PDE_study/run1_2x2_muons_first100/packet-0050017-2024_07_09_03_54_57_CDT.FLOW.hdf5.csv
[rank 80] HDF5: /global/cfs/cdirs/dune/www/data/2x2/reflows/v11/flow/beam/july8_2024/nominal_hv/packet-0050017-2024_07_09_03_54_57_CDT.FLOW.hdf5
[rank worker] Wrote 128 traps to 'pde_files/pde_packet-0050017-2024_07_09_03_54_57_CDT.FLOW.hdf5.csv'.
[rank 53] CSV : /global/cfs/cdirs/dune/users/wermelinger/2x2/PDE_study/run1_2x2_muons_first100/packet-0050017-2024_07_08_23_24_28_CDT.FLOW.hdf5.csv
[rank 53] HDF5: /global/cfs/cdirs/dune/www/data/2x2/reflows/v11/flow/beam/july8_2024/nominal_hv/packet-0050017-2024_07_08_23_24_28_CDT.FLOW.hdf5
[rank worker] Wrote 128 traps to 'pde_files/pde_packet-0050017-2024_07_08_23_24_28_CDT.FLOW.hdf5.csv'.
[rank 71] CSV : /global/cfs/cdirs/dune/users/wermelinger/2x2/PDE_study/run1_2x2_muons_first100/packet-0050017-2024_07_09_02_24_48_CDT.FLOW.hdf5.csv
[rank 71] HDF5: /global/cfs/cdirs/dune/www/data/2x2/reflows/v11/flow/beam/july8_2024/nominal_hv/packet-0050017-2024_07_09_02_24_48_CDT.FLOW.hdf5
[rank worker] Wrote 128 traps to 'pde_files/pde_packet-0050017-2024_07_09_02_24_48_CDT.FLOW.hdf5.csv'.
[rank 99] CSV : /global/cfs/cdirs/dune/users/wermelinger/2x2/PDE_study/run1_2x2_muons_first100/packet-0050017-2024_07_09_07_15_19_CDT.FLOW.hdf5.csv
[rank 99] HDF5: /global/cfs/cdirs/dune/www/data/2x2/reflows/v11/flow/beam/july8_2024/nominal_hv/packet-0050017-2024_07_09_07_15_19_CDT.FLOW.hdf5
[rank worker] Wrote 128 traps to 'pde_files/pde_packet-0050017-2024_07_09_07_15_19_CDT.FLOW.hdf5.csv'.
[rank 87] CSV : /global/cfs/cdirs/dune/users/wermelinger/2x2/PDE_study/run1_2x2_muons_first100/packet-0050017-2024_07_09_05_15_06_CDT.FLOW.hdf5.csv
[rank 87] HDF5: /global/cfs/cdirs/dune/www/data/2x2/reflows/v11/flow/beam/july8_2024/nominal_hv/packet-0050017-2024_07_09_05_15_06_CDT.FLOW.hdf5
[rank worker] Wrote 128 traps to 'pde_files/pde_packet-0050017-2024_07_09_05_15_06_CDT.FLOW.hdf5.csv'.
[rank 54] CSV : /global/cfs/cdirs/dune/users/wermelinger/2x2/PDE_study/run1_2x2_muons_first100/packet-0050017-2024_07_08_23_34_29_CDT.FLOW.hdf5.csv
[rank 54] HDF5: /global/cfs/cdirs/dune/www/data/2x2/reflows/v11/flow/beam/july8_2024/nominal_hv/packet-0050017-2024_07_08_23_34_29_CDT.FLOW.hdf5
[rank worker] Wrote 128 traps to 'pde_files/pde_packet-0050017-2024_07_08_23_34_29_CDT.FLOW.hdf5.csv'.
[rank 69] CSV : /global/cfs/cdirs/dune/users/wermelinger/2x2/PDE_study/run1_2x2_muons_first100/packet-0050017-2024_07_09_02_04_46_CDT.FLOW.hdf5.csv
[rank 69] HDF5: /global/cfs/cdirs/dune/www/data/2x2/reflows/v11/flow/beam/july8_2024/nominal_hv/packet-0050017-2024_07_09_02_04_46_CDT.FLOW.hdf5
[rank worker] Wrote 128 traps to 'pde_files/pde_packet-0050017-2024_07_09_02_04_46_CDT.FLOW.hdf5.csv'.
[rank 84] CSV : /global/cfs/cdirs/dune/users/wermelinger/2x2/PDE_study/run1_2x2_muons_first100/packet-0050017-2024_07_09_04_35_02_CDT.FLOW.hdf5.csv
[rank 84] HDF5: /global/cfs/cdirs/dune/www/data/2x2/reflows/v11/flow/beam/july8_2024/nominal_hv/packet-0050017-2024_07_09_04_35_02_CDT.FLOW.hdf5
[rank worker] Wrote 128 traps to 'pde_files/pde_packet-0050017-2024_07_09_04_35_02_CDT.FLOW.hdf5.csv'.
[rank 96] CSV : /global/cfs/cdirs/dune/users/wermelinger/2x2/PDE_study/run1_2x2_muons_first100/packet-0050017-2024_07_09_06_45_15_CDT.FLOW.hdf5.csv
[rank 96] HDF5: /global/cfs/cdirs/dune/www/data/2x2/reflows/v11/flow/beam/july8_2024/nominal_hv/packet-0050017-2024_07_09_06_45_15_CDT.FLOW.hdf5
[rank worker] Wrote 128 traps to 'pde_files/pde_packet-0050017-2024_07_09_06_45_15_CDT.FLOW.hdf5.csv'.
[rank 79] CSV : /global/cfs/cdirs/dune/users/wermelinger/2x2/PDE_study/run1_2x2_muons_first100/packet-0050017-2024_07_09_03_44_56_CDT.FLOW.hdf5.csv
[rank 79] HDF5: /global/cfs/cdirs/dune/www/data/2x2/reflows/v11/flow/beam/july8_2024/nominal_hv/packet-0050017-2024_07_09_03_44_56_CDT.FLOW.hdf5
[rank 79] ERROR processing packet-0050017-2024_07_09_03_44_56_CDT.FLOW.hdf5.csv: Cannot convert masked element to a Python int.
[rank 47] CSV : /global/cfs/cdirs/dune/users/wermelinger/2x2/PDE_study/run1_2x2_muons_first100/packet-0050017-2024_07_08_22_24_22_CDT.FLOW.hdf5.csv
[rank 47] HDF5: /global/cfs/cdirs/dune/www/data/2x2/reflows/v11/flow/beam/july8_2024/nominal_hv/packet-0050017-2024_07_08_22_24_22_CDT.FLOW.hdf5
[rank worker] Wrote 128 traps to 'pde_files/pde_packet-0050017-2024_07_08_22_24_22_CDT.FLOW.hdf5.csv'.
[rank 5] CSV : /global/cfs/cdirs/dune/users/wermelinger/2x2/PDE_study/run1_2x2_muons_first100/packet-0050017-2024_07_08_14_33_31_CDT.FLOW.hdf5.csv
[rank 5] HDF5: /global/cfs/cdirs/dune/www/data/2x2/reflows/v11/flow/beam/july8_2024/nominal_hv/packet-0050017-2024_07_08_14_33_31_CDT.FLOW.hdf5
[rank worker] Wrote 128 traps to 'pde_files/pde_packet-0050017-2024_07_08_14_33_31_CDT.FLOW.hdf5.csv'.
[rank 91] CSV : /global/cfs/cdirs/dune/users/wermelinger/2x2/PDE_study/run1_2x2_muons_first100/packet-0050017-2024_07_09_05_55_10_CDT.FLOW.hdf5.csv
[rank 91] HDF5: /global/cfs/cdirs/dune/www/data/2x2/reflows/v11/flow/beam/july8_2024/nominal_hv/packet-0050017-2024_07_09_05_55_10_CDT.FLOW.hdf5
[rank worker] Wrote 128 traps to 'pde_files/pde_packet-0050017-2024_07_09_05_55_10_CDT.FLOW.hdf5.csv'.
[rank 49] CSV : /global/cfs/cdirs/dune/users/wermelinger/2x2/PDE_study/run1_2x2_muons_first100/packet-0050017-2024_07_08_22_44_24_CDT.FLOW.hdf5.csv
[rank 49] HDF5: /global/cfs/cdirs/dune/www/data/2x2/reflows/v11/flow/beam/july8_2024/nominal_hv/packet-0050017-2024_07_08_22_44_24_CDT.FLOW.hdf5
[rank worker] Wrote 128 traps to 'pde_files/pde_packet-0050017-2024_07_08_22_44_24_CDT.FLOW.hdf5.csv'.
[rank 8] CSV : /global/cfs/cdirs/dune/users/wermelinger/2x2/PDE_study/run1_2x2_muons_first100/packet-0050017-2024_07_08_15_43_39_CDT.FLOW.hdf5.csv
[rank 8] HDF5: /global/cfs/cdirs/dune/www/data/2x2/reflows/v11/flow/beam/july8_2024/nominal_hv/packet-0050017-2024_07_08_15_43_39_CDT.FLOW.hdf5
[rank worker] Wrote 128 traps to 'pde_files/pde_packet-0050017-2024_07_08_15_43_39_CDT.FLOW.hdf5.csv'.
[rank 17] CSV : /global/cfs/cdirs/dune/users/wermelinger/2x2/PDE_study/run1_2x2_muons_first100/packet-0050017-2024_07_08_17_13_49_CDT.FLOW.hdf5.csv
[rank 17] HDF5: /global/cfs/cdirs/dune/www/data/2x2/reflows/v11/flow/beam/july8_2024/nominal_hv/packet-0050017-2024_07_08_17_13_49_CDT.FLOW.hdf5
[rank worker] Wrote 128 traps to 'pde_files/pde_packet-0050017-2024_07_08_17_13_49_CDT.FLOW.hdf5.csv'.
[rank 32] CSV : /global/cfs/cdirs/dune/users/wermelinger/2x2/PDE_study/run1_2x2_muons_first100/packet-0050017-2024_07_08_19_44_05_CDT.FLOW.hdf5.csv
[rank 32] HDF5: /global/cfs/cdirs/dune/www/data/2x2/reflows/v11/flow/beam/july8_2024/nominal_hv/packet-0050017-2024_07_08_19_44_05_CDT.FLOW.hdf5
[rank worker] Wrote 128 traps to 'pde_files/pde_packet-0050017-2024_07_08_19_44_05_CDT.FLOW.hdf5.csv'.
[rank 58] CSV : /global/cfs/cdirs/dune/users/wermelinger/2x2/PDE_study/run1_2x2_muons_first100/packet-0050017-2024_07_09_00_14_34_CDT.FLOW.hdf5.csv
[rank 58] HDF5: /global/cfs/cdirs/dune/www/data/2x2/reflows/v11/flow/beam/july8_2024/nominal_hv/packet-0050017-2024_07_09_00_14_34_CDT.FLOW.hdf5
[rank worker] Wrote 128 traps to 'pde_files/pde_packet-0050017-2024_07_09_00_14_34_CDT.FLOW.hdf5.csv'.
[rank 56] CSV : /global/cfs/cdirs/dune/users/wermelinger/2x2/PDE_study/run1_2x2_muons_first100/packet-0050017-2024_07_08_23_54_32_CDT.FLOW.hdf5.csv
[rank 56] HDF5: /global/cfs/cdirs/dune/www/data/2x2/reflows/v11/flow/beam/july8_2024/nominal_hv/packet-0050017-2024_07_08_23_54_32_CDT.FLOW.hdf5
[rank worker] Wrote 128 traps to 'pde_files/pde_packet-0050017-2024_07_08_23_54_32_CDT.FLOW.hdf5.csv'.
[rank 78] CSV : /global/cfs/cdirs/dune/users/wermelinger/2x2/PDE_study/run1_2x2_muons_first100/packet-0050017-2024_07_09_03_34_55_CDT.FLOW.hdf5.csv
[rank 78] HDF5: /global/cfs/cdirs/dune/www/data/2x2/reflows/v11/flow/beam/july8_2024/nominal_hv/packet-0050017-2024_07_09_03_34_55_CDT.FLOW.hdf5
[rank worker] Wrote 128 traps to 'pde_files/pde_packet-0050017-2024_07_09_03_34_55_CDT.FLOW.hdf5.csv'.
[rank 50] CSV : /global/cfs/cdirs/dune/users/wermelinger/2x2/PDE_study/run1_2x2_muons_first100/packet-0050017-2024_07_08_22_54_25_CDT.FLOW.hdf5.csv
[rank 50] HDF5: /global/cfs/cdirs/dune/www/data/2x2/reflows/v11/flow/beam/july8_2024/nominal_hv/packet-0050017-2024_07_08_22_54_25_CDT.FLOW.hdf5
[rank worker] Wrote 128 traps to 'pde_files/pde_packet-0050017-2024_07_08_22_54_25_CDT.FLOW.hdf5.csv'.
[rank 21] CSV : /global/cfs/cdirs/dune/users/wermelinger/2x2/PDE_study/run1_2x2_muons_first100/packet-0050017-2024_07_08_17_53_53_CDT.FLOW.hdf5.csv
[rank 21] HDF5: /global/cfs/cdirs/dune/www/data/2x2/reflows/v11/flow/beam/july8_2024/nominal_hv/packet-0050017-2024_07_08_17_53_53_CDT.FLOW.hdf5
[rank worker] Wrote 128 traps to 'pde_files/pde_packet-0050017-2024_07_08_17_53_53_CDT.FLOW.hdf5.csv'.
[rank 74] CSV : /global/cfs/cdirs/dune/users/wermelinger/2x2/PDE_study/run1_2x2_muons_first100/packet-0050017-2024_07_09_02_54_51_CDT.FLOW.hdf5.csv
[rank 74] HDF5: /global/cfs/cdirs/dune/www/data/2x2/reflows/v11/flow/beam/july8_2024/nominal_hv/packet-0050017-2024_07_09_02_54_51_CDT.FLOW.hdf5
[rank worker] Wrote 128 traps to 'pde_files/pde_packet-0050017-2024_07_09_02_54_51_CDT.FLOW.hdf5.csv'.
[rank 75] CSV : /global/cfs/cdirs/dune/users/wermelinger/2x2/PDE_study/run1_2x2_muons_first100/packet-0050017-2024_07_09_03_04_52_CDT.FLOW.hdf5.csv
[rank 75] HDF5: /global/cfs/cdirs/dune/www/data/2x2/reflows/v11/flow/beam/july8_2024/nominal_hv/packet-0050017-2024_07_09_03_04_52_CDT.FLOW.hdf5
[rank worker] Wrote 128 traps to 'pde_files/pde_packet-0050017-2024_07_09_03_04_52_CDT.FLOW.hdf5.csv'.
[rank 62] CSV : /global/cfs/cdirs/dune/users/wermelinger/2x2/PDE_study/run1_2x2_muons_first100/packet-0050017-2024_07_09_00_54_38_CDT.FLOW.hdf5.csv
[rank 62] HDF5: /global/cfs/cdirs/dune/www/data/2x2/reflows/v11/flow/beam/july8_2024/nominal_hv/packet-0050017-2024_07_09_00_54_38_CDT.FLOW.hdf5
[rank worker] Wrote 128 traps to 'pde_files/pde_packet-0050017-2024_07_09_00_54_38_CDT.FLOW.hdf5.csv'.
[rank 97] CSV : /global/cfs/cdirs/dune/users/wermelinger/2x2/PDE_study/run1_2x2_muons_first100/packet-0050017-2024_07_09_06_55_17_CDT.FLOW.hdf5.csv
[rank 97] HDF5: /global/cfs/cdirs/dune/www/data/2x2/reflows/v11/flow/beam/july8_2024/nominal_hv/packet-0050017-2024_07_09_06_55_17_CDT.FLOW.hdf5
[rank worker] Wrote 128 traps to 'pde_files/pde_packet-0050017-2024_07_09_06_55_17_CDT.FLOW.hdf5.csv'.
[rank 68] CSV : /global/cfs/cdirs/dune/users/wermelinger/2x2/PDE_study/run1_2x2_muons_first100/packet-0050017-2024_07_09_01_54_45_CDT.FLOW.hdf5.csv
[rank 68] HDF5: /global/cfs/cdirs/dune/www/data/2x2/reflows/v11/flow/beam/july8_2024/nominal_hv/packet-0050017-2024_07_09_01_54_45_CDT.FLOW.hdf5
[rank worker] Wrote 128 traps to 'pde_files/pde_packet-0050017-2024_07_09_01_54_45_CDT.FLOW.hdf5.csv'.
[rank 22] CSV : /global/cfs/cdirs/dune/users/wermelinger/2x2/PDE_study/run1_2x2_muons_first100/packet-0050017-2024_07_08_18_03_54_CDT.FLOW.hdf5.csv
[rank 22] HDF5: /global/cfs/cdirs/dune/www/data/2x2/reflows/v11/flow/beam/july8_2024/nominal_hv/packet-0050017-2024_07_08_18_03_54_CDT.FLOW.hdf5
[rank worker] Wrote 128 traps to 'pde_files/pde_packet-0050017-2024_07_08_18_03_54_CDT.FLOW.hdf5.csv'.
[rank 14] CSV : /global/cfs/cdirs/dune/users/wermelinger/2x2/PDE_study/run1_2x2_muons_first100/packet-0050017-2024_07_08_16_43_45_CDT.FLOW.hdf5.csv
[rank 14] HDF5: /global/cfs/cdirs/dune/www/data/2x2/reflows/v11/flow/beam/july8_2024/nominal_hv/packet-0050017-2024_07_08_16_43_45_CDT.FLOW.hdf5
[rank worker] Wrote 128 traps to 'pde_files/pde_packet-0050017-2024_07_08_16_43_45_CDT.FLOW.hdf5.csv'.
[rank 85] CSV : /global/cfs/cdirs/dune/users/wermelinger/2x2/PDE_study/run1_2x2_muons_first100/packet-0050017-2024_07_09_04_45_03_CDT.FLOW.hdf5.csv
[rank 85] HDF5: /global/cfs/cdirs/dune/www/data/2x2/reflows/v11/flow/beam/july8_2024/nominal_hv/packet-0050017-2024_07_09_04_45_03_CDT.FLOW.hdf5
[rank worker] Wrote 128 traps to 'pde_files/pde_packet-0050017-2024_07_09_04_45_03_CDT.FLOW.hdf5.csv'.
[rank 52] CSV : /global/cfs/cdirs/dune/users/wermelinger/2x2/PDE_study/run1_2x2_muons_first100/packet-0050017-2024_07_08_23_14_27_CDT.FLOW.hdf5.csv
[rank 52] HDF5: /global/cfs/cdirs/dune/www/data/2x2/reflows/v11/flow/beam/july8_2024/nominal_hv/packet-0050017-2024_07_08_23_14_27_CDT.FLOW.hdf5
[rank worker] Wrote 128 traps to 'pde_files/pde_packet-0050017-2024_07_08_23_14_27_CDT.FLOW.hdf5.csv'.
[rank 12] CSV : /global/cfs/cdirs/dune/users/wermelinger/2x2/PDE_study/run1_2x2_muons_first100/packet-0050017-2024_07_08_16_23_43_CDT.FLOW.hdf5.csv
[rank 12] HDF5: /global/cfs/cdirs/dune/www/data/2x2/reflows/v11/flow/beam/july8_2024/nominal_hv/packet-0050017-2024_07_08_16_23_43_CDT.FLOW.hdf5
[rank worker] Wrote 128 traps to 'pde_files/pde_packet-0050017-2024_07_08_16_23_43_CDT.FLOW.hdf5.csv'.
[rank 70] CSV : /global/cfs/cdirs/dune/users/wermelinger/2x2/PDE_study/run1_2x2_muons_first100/packet-0050017-2024_07_09_02_14_47_CDT.FLOW.hdf5.csv
[rank 70] HDF5: /global/cfs/cdirs/dune/www/data/2x2/reflows/v11/flow/beam/july8_2024/nominal_hv/packet-0050017-2024_07_09_02_14_47_CDT.FLOW.hdf5
[rank worker] Wrote 128 traps to 'pde_files/pde_packet-0050017-2024_07_09_02_14_47_CDT.FLOW.hdf5.csv'.
[rank 16] CSV : /global/cfs/cdirs/dune/users/wermelinger/2x2/PDE_study/run1_2x2_muons_first100/packet-0050017-2024_07_08_17_03_47_CDT.FLOW.hdf5.csv
[rank 16] HDF5: /global/cfs/cdirs/dune/www/data/2x2/reflows/v11/flow/beam/july8_2024/nominal_hv/packet-0050017-2024_07_08_17_03_47_CDT.FLOW.hdf5
[rank worker] Wrote 128 traps to 'pde_files/pde_packet-0050017-2024_07_08_17_03_47_CDT.FLOW.hdf5.csv'.
[rank 44] CSV : /global/cfs/cdirs/dune/users/wermelinger/2x2/PDE_study/run1_2x2_muons_first100/packet-0050017-2024_07_08_21_54_19_CDT.FLOW.hdf5.csv
[rank 44] HDF5: /global/cfs/cdirs/dune/www/data/2x2/reflows/v11/flow/beam/july8_2024/nominal_hv/packet-0050017-2024_07_08_21_54_19_CDT.FLOW.hdf5
[rank worker] Wrote 128 traps to 'pde_files/pde_packet-0050017-2024_07_08_21_54_19_CDT.FLOW.hdf5.csv'.
[rank 73] CSV : /global/cfs/cdirs/dune/users/wermelinger/2x2/PDE_study/run1_2x2_muons_first100/packet-0050017-2024_07_09_02_44_50_CDT.FLOW.hdf5.csv
[rank 73] HDF5: /global/cfs/cdirs/dune/www/data/2x2/reflows/v11/flow/beam/july8_2024/nominal_hv/packet-0050017-2024_07_09_02_44_50_CDT.FLOW.hdf5
[rank worker] Wrote 128 traps to 'pde_files/pde_packet-0050017-2024_07_09_02_44_50_CDT.FLOW.hdf5.csv'.
[rank 98] CSV : /global/cfs/cdirs/dune/users/wermelinger/2x2/PDE_study/run1_2x2_muons_first100/packet-0050017-2024_07_09_07_05_18_CDT.FLOW.hdf5.csv
[rank 98] HDF5: /global/cfs/cdirs/dune/www/data/2x2/reflows/v11/flow/beam/july8_2024/nominal_hv/packet-0050017-2024_07_09_07_05_18_CDT.FLOW.hdf5
[rank worker] Wrote 128 traps to 'pde_files/pde_packet-0050017-2024_07_09_07_05_18_CDT.FLOW.hdf5.csv'.
[rank 59] CSV : /global/cfs/cdirs/dune/users/wermelinger/2x2/PDE_study/run1_2x2_muons_first100/packet-0050017-2024_07_09_00_24_35_CDT.FLOW.hdf5.csv
[rank 59] HDF5: /global/cfs/cdirs/dune/www/data/2x2/reflows/v11/flow/beam/july8_2024/nominal_hv/packet-0050017-2024_07_09_00_24_35_CDT.FLOW.hdf5
[rank worker] Wrote 128 traps to 'pde_files/pde_packet-0050017-2024_07_09_00_24_35_CDT.FLOW.hdf5.csv'.
[rank 29] CSV : /global/cfs/cdirs/dune/users/wermelinger/2x2/PDE_study/run1_2x2_muons_first100/packet-0050017-2024_07_08_19_14_02_CDT.FLOW.hdf5.csv
[rank 29] HDF5: /global/cfs/cdirs/dune/www/data/2x2/reflows/v11/flow/beam/july8_2024/nominal_hv/packet-0050017-2024_07_08_19_14_02_CDT.FLOW.hdf5
[rank worker] Wrote 128 traps to 'pde_files/pde_packet-0050017-2024_07_08_19_14_02_CDT.FLOW.hdf5.csv'.
[rank 30] CSV : /global/cfs/cdirs/dune/users/wermelinger/2x2/PDE_study/run1_2x2_muons_first100/packet-0050017-2024_07_08_19_24_03_CDT.FLOW.hdf5.csv
[rank 30] HDF5: /global/cfs/cdirs/dune/www/data/2x2/reflows/v11/flow/beam/july8_2024/nominal_hv/packet-0050017-2024_07_08_19_24_03_CDT.FLOW.hdf5
[rank worker] Wrote 128 traps to 'pde_files/pde_packet-0050017-2024_07_08_19_24_03_CDT.FLOW.hdf5.csv'.
[rank 34] CSV : /global/cfs/cdirs/dune/users/wermelinger/2x2/PDE_study/run1_2x2_muons_first100/packet-0050017-2024_07_08_20_04_07_CDT.FLOW.hdf5.csv
[rank 34] HDF5: /global/cfs/cdirs/dune/www/data/2x2/reflows/v11/flow/beam/july8_2024/nominal_hv/packet-0050017-2024_07_08_20_04_07_CDT.FLOW.hdf5
[rank worker] Wrote 128 traps to 'pde_files/pde_packet-0050017-2024_07_08_20_04_07_CDT.FLOW.hdf5.csv'.
[rank 48] CSV : /global/cfs/cdirs/dune/users/wermelinger/2x2/PDE_study/run1_2x2_muons_first100/packet-0050017-2024_07_08_22_34_23_CDT.FLOW.hdf5.csv
[rank 48] HDF5: /global/cfs/cdirs/dune/www/data/2x2/reflows/v11/flow/beam/july8_2024/nominal_hv/packet-0050017-2024_07_08_22_34_23_CDT.FLOW.hdf5
[rank worker] Wrote 128 traps to 'pde_files/pde_packet-0050017-2024_07_08_22_34_23_CDT.FLOW.hdf5.csv'.
[rank 35] CSV : /global/cfs/cdirs/dune/users/wermelinger/2x2/PDE_study/run1_2x2_muons_first100/packet-0050017-2024_07_08_20_14_08_CDT.FLOW.hdf5.csv
[rank 35] HDF5: /global/cfs/cdirs/dune/www/data/2x2/reflows/v11/flow/beam/july8_2024/nominal_hv/packet-0050017-2024_07_08_20_14_08_CDT.FLOW.hdf5
[rank worker] Wrote 128 traps to 'pde_files/pde_packet-0050017-2024_07_08_20_14_08_CDT.FLOW.hdf5.csv'.
[rank 72] CSV : /global/cfs/cdirs/dune/users/wermelinger/2x2/PDE_study/run1_2x2_muons_first100/packet-0050017-2024_07_09_02_34_49_CDT.FLOW.hdf5.csv
[rank 72] HDF5: /global/cfs/cdirs/dune/www/data/2x2/reflows/v11/flow/beam/july8_2024/nominal_hv/packet-0050017-2024_07_09_02_34_49_CDT.FLOW.hdf5
[rank worker] Wrote 128 traps to 'pde_files/pde_packet-0050017-2024_07_09_02_34_49_CDT.FLOW.hdf5.csv'.
[rank 1] CSV : /global/cfs/cdirs/dune/users/wermelinger/2x2/PDE_study/run1_2x2_muons_first100/packet-0050017-2024_07_08_13_53_27_CDT.FLOW.hdf5.csv
[rank 1] HDF5: /global/cfs/cdirs/dune/www/data/2x2/reflows/v11/flow/beam/july8_2024/nominal_hv/packet-0050017-2024_07_08_13_53_27_CDT.FLOW.hdf5
[rank worker] Wrote 128 traps to 'pde_files/pde_packet-0050017-2024_07_08_13_53_27_CDT.FLOW.hdf5.csv'.
[rank 55] CSV : /global/cfs/cdirs/dune/users/wermelinger/2x2/PDE_study/run1_2x2_muons_first100/packet-0050017-2024_07_08_23_44_31_CDT.FLOW.hdf5.csv
[rank 55] HDF5: /global/cfs/cdirs/dune/www/data/2x2/reflows/v11/flow/beam/july8_2024/nominal_hv/packet-0050017-2024_07_08_23_44_31_CDT.FLOW.hdf5
[rank worker] Wrote 128 traps to 'pde_files/pde_packet-0050017-2024_07_08_23_44_31_CDT.FLOW.hdf5.csv'.
[rank 92] CSV : /global/cfs/cdirs/dune/users/wermelinger/2x2/PDE_study/run1_2x2_muons_first100/packet-0050017-2024_07_09_06_05_11_CDT.FLOW.hdf5.csv
[rank 92] HDF5: /global/cfs/cdirs/dune/www/data/2x2/reflows/v11/flow/beam/july8_2024/nominal_hv/packet-0050017-2024_07_09_06_05_11_CDT.FLOW.hdf5
[rank worker] Wrote 128 traps to 'pde_files/pde_packet-0050017-2024_07_09_06_05_11_CDT.FLOW.hdf5.csv'.
[rank 43] CSV : /global/cfs/cdirs/dune/users/wermelinger/2x2/PDE_study/run1_2x2_muons_first100/packet-0050017-2024_07_08_21_44_18_CDT.FLOW.hdf5.csv
[rank 43] HDF5: /global/cfs/cdirs/dune/www/data/2x2/reflows/v11/flow/beam/july8_2024/nominal_hv/packet-0050017-2024_07_08_21_44_18_CDT.FLOW.hdf5
[rank worker] Wrote 128 traps to 'pde_files/pde_packet-0050017-2024_07_08_21_44_18_CDT.FLOW.hdf5.csv'.
[rank 18] CSV : /global/cfs/cdirs/dune/users/wermelinger/2x2/PDE_study/run1_2x2_muons_first100/packet-0050017-2024_07_08_17_23_50_CDT.FLOW.hdf5.csv
[rank 18] HDF5: /global/cfs/cdirs/dune/www/data/2x2/reflows/v11/flow/beam/july8_2024/nominal_hv/packet-0050017-2024_07_08_17_23_50_CDT.FLOW.hdf5
[rank worker] Wrote 128 traps to 'pde_files/pde_packet-0050017-2024_07_08_17_23_50_CDT.FLOW.hdf5.csv'.
[rank 61] CSV : /global/cfs/cdirs/dune/users/wermelinger/2x2/PDE_study/run1_2x2_muons_first100/packet-0050017-2024_07_09_00_44_37_CDT.FLOW.hdf5.csv
[rank 61] HDF5: /global/cfs/cdirs/dune/www/data/2x2/reflows/v11/flow/beam/july8_2024/nominal_hv/packet-0050017-2024_07_09_00_44_37_CDT.FLOW.hdf5
[rank worker] Wrote 128 traps to 'pde_files/pde_packet-0050017-2024_07_09_00_44_37_CDT.FLOW.hdf5.csv'.
[rank 25] CSV : /global/cfs/cdirs/dune/users/wermelinger/2x2/PDE_study/run1_2x2_muons_first100/packet-0050017-2024_07_08_18_33_58_CDT.FLOW.hdf5.csv
[rank 25] HDF5: /global/cfs/cdirs/dune/www/data/2x2/reflows/v11/flow/beam/july8_2024/nominal_hv/packet-0050017-2024_07_08_18_33_58_CDT.FLOW.hdf5
[rank worker] Wrote 128 traps to 'pde_files/pde_packet-0050017-2024_07_08_18_33_58_CDT.FLOW.hdf5.csv'.
[rank 65] CSV : /global/cfs/cdirs/dune/users/wermelinger/2x2/PDE_study/run1_2x2_muons_first100/packet-0050017-2024_07_09_01_24_41_CDT.FLOW.hdf5.csv
[rank 65] HDF5: /global/cfs/cdirs/dune/www/data/2x2/reflows/v11/flow/beam/july8_2024/nominal_hv/packet-0050017-2024_07_09_01_24_41_CDT.FLOW.hdf5
[rank worker] Wrote 128 traps to 'pde_files/pde_packet-0050017-2024_07_09_01_24_41_CDT.FLOW.hdf5.csv'.
[rank 23] CSV : /global/cfs/cdirs/dune/users/wermelinger/2x2/PDE_study/run1_2x2_muons_first100/packet-0050017-2024_07_08_18_13_55_CDT.FLOW.hdf5.csv
[rank 23] HDF5: /global/cfs/cdirs/dune/www/data/2x2/reflows/v11/flow/beam/july8_2024/nominal_hv/packet-0050017-2024_07_08_18_13_55_CDT.FLOW.hdf5
[rank worker] Wrote 128 traps to 'pde_files/pde_packet-0050017-2024_07_08_18_13_55_CDT.FLOW.hdf5.csv'.
[rank 64] CSV : /global/cfs/cdirs/dune/users/wermelinger/2x2/PDE_study/run1_2x2_muons_first100/packet-0050017-2024_07_09_01_14_40_CDT.FLOW.hdf5.csv
[rank 64] HDF5: /global/cfs/cdirs/dune/www/data/2x2/reflows/v11/flow/beam/july8_2024/nominal_hv/packet-0050017-2024_07_09_01_14_40_CDT.FLOW.hdf5
[rank worker] Wrote 128 traps to 'pde_files/pde_packet-0050017-2024_07_09_01_14_40_CDT.FLOW.hdf5.csv'.
[rank 13] CSV : /global/cfs/cdirs/dune/users/wermelinger/2x2/PDE_study/run1_2x2_muons_first100/packet-0050017-2024_07_08_16_33_44_CDT.FLOW.hdf5.csv
[rank 13] HDF5: /global/cfs/cdirs/dune/www/data/2x2/reflows/v11/flow/beam/july8_2024/nominal_hv/packet-0050017-2024_07_08_16_33_44_CDT.FLOW.hdf5
[rank worker] Wrote 128 traps to 'pde_files/pde_packet-0050017-2024_07_08_16_33_44_CDT.FLOW.hdf5.csv'.
[rank 42] CSV : /global/cfs/cdirs/dune/users/wermelinger/2x2/PDE_study/run1_2x2_muons_first100/packet-0050017-2024_07_08_21_34_17_CDT.FLOW.hdf5.csv
[rank 42] HDF5: /global/cfs/cdirs/dune/www/data/2x2/reflows/v11/flow/beam/july8_2024/nominal_hv/packet-0050017-2024_07_08_21_34_17_CDT.FLOW.hdf5
[rank worker] Wrote 128 traps to 'pde_files/pde_packet-0050017-2024_07_08_21_34_17_CDT.FLOW.hdf5.csv'.
[rank 76] CSV : /global/cfs/cdirs/dune/users/wermelinger/2x2/PDE_study/run1_2x2_muons_first100/packet-0050017-2024_07_09_03_14_53_CDT.FLOW.hdf5.csv
[rank 76] HDF5: /global/cfs/cdirs/dune/www/data/2x2/reflows/v11/flow/beam/july8_2024/nominal_hv/packet-0050017-2024_07_09_03_14_53_CDT.FLOW.hdf5
[rank worker] Wrote 128 traps to 'pde_files/pde_packet-0050017-2024_07_09_03_14_53_CDT.FLOW.hdf5.csv'.
[rank 86] CSV : /global/cfs/cdirs/dune/users/wermelinger/2x2/PDE_study/run1_2x2_muons_first100/packet-0050017-2024_07_09_05_05_05_CDT.FLOW.hdf5.csv
[rank 86] HDF5: /global/cfs/cdirs/dune/www/data/2x2/reflows/v11/flow/beam/july8_2024/nominal_hv/packet-0050017-2024_07_09_05_05_05_CDT.FLOW.hdf5
[rank worker] Wrote 128 traps to 'pde_files/pde_packet-0050017-2024_07_09_05_05_05_CDT.FLOW.hdf5.csv'.
[rank 40] CSV : /global/cfs/cdirs/dune/users/wermelinger/2x2/PDE_study/run1_2x2_muons_first100/packet-0050017-2024_07_08_21_14_15_CDT.FLOW.hdf5.csv
[rank 40] HDF5: /global/cfs/cdirs/dune/www/data/2x2/reflows/v11/flow/beam/july8_2024/nominal_hv/packet-0050017-2024_07_08_21_14_15_CDT.FLOW.hdf5
[rank worker] Wrote 128 traps to 'pde_files/pde_packet-0050017-2024_07_08_21_14_15_CDT.FLOW.hdf5.csv'.
[rank 26] CSV : /global/cfs/cdirs/dune/users/wermelinger/2x2/PDE_study/run1_2x2_muons_first100/packet-0050017-2024_07_08_18_43_59_CDT.FLOW.hdf5.csv
[rank 26] HDF5: /global/cfs/cdirs/dune/www/data/2x2/reflows/v11/flow/beam/july8_2024/nominal_hv/packet-0050017-2024_07_08_18_43_59_CDT.FLOW.hdf5
[rank worker] Wrote 128 traps to 'pde_files/pde_packet-0050017-2024_07_08_18_43_59_CDT.FLOW.hdf5.csv'.
[rank 27] CSV : /global/cfs/cdirs/dune/users/wermelinger/2x2/PDE_study/run1_2x2_muons_first100/packet-0050017-2024_07_08_18_54_00_CDT.FLOW.hdf5.csv
[rank 27] HDF5: /global/cfs/cdirs/dune/www/data/2x2/reflows/v11/flow/beam/july8_2024/nominal_hv/packet-0050017-2024_07_08_18_54_00_CDT.FLOW.hdf5
[rank worker] Wrote 128 traps to 'pde_files/pde_packet-0050017-2024_07_08_18_54_00_CDT.FLOW.hdf5.csv'.
[rank 94] CSV : /global/cfs/cdirs/dune/users/wermelinger/2x2/PDE_study/run1_2x2_muons_first100/packet-0050017-2024_07_09_06_25_13_CDT.FLOW.hdf5.csv
[rank 94] HDF5: /global/cfs/cdirs/dune/www/data/2x2/reflows/v11/flow/beam/july8_2024/nominal_hv/packet-0050017-2024_07_09_06_25_13_CDT.FLOW.hdf5
[rank worker] Wrote 128 traps to 'pde_files/pde_packet-0050017-2024_07_09_06_25_13_CDT.FLOW.hdf5.csv'.
[rank 57] CSV : /global/cfs/cdirs/dune/users/wermelinger/2x2/PDE_study/run1_2x2_muons_first100/packet-0050017-2024_07_09_00_04_33_CDT.FLOW.hdf5.csv
[rank 57] HDF5: /global/cfs/cdirs/dune/www/data/2x2/reflows/v11/flow/beam/july8_2024/nominal_hv/packet-0050017-2024_07_09_00_04_33_CDT.FLOW.hdf5
[rank worker] Wrote 128 traps to 'pde_files/pde_packet-0050017-2024_07_09_00_04_33_CDT.FLOW.hdf5.csv'.
[rank 39] CSV : /global/cfs/cdirs/dune/users/wermelinger/2x2/PDE_study/run1_2x2_muons_first100/packet-0050017-2024_07_08_21_04_13_CDT.FLOW.hdf5.csv
[rank 39] HDF5: /global/cfs/cdirs/dune/www/data/2x2/reflows/v11/flow/beam/july8_2024/nominal_hv/packet-0050017-2024_07_08_21_04_13_CDT.FLOW.hdf5
[rank worker] Wrote 128 traps to 'pde_files/pde_packet-0050017-2024_07_08_21_04_13_CDT.FLOW.hdf5.csv'.
[rank 83] CSV : /global/cfs/cdirs/dune/users/wermelinger/2x2/PDE_study/run1_2x2_muons_first100/packet-0050017-2024_07_09_04_25_01_CDT.FLOW.hdf5.csv
[rank 83] HDF5: /global/cfs/cdirs/dune/www/data/2x2/reflows/v11/flow/beam/july8_2024/nominal_hv/packet-0050017-2024_07_09_04_25_01_CDT.FLOW.hdf5
[rank worker] Wrote 128 traps to 'pde_files/pde_packet-0050017-2024_07_09_04_25_01_CDT.FLOW.hdf5.csv'.
[rank 9] CSV : /global/cfs/cdirs/dune/users/wermelinger/2x2/PDE_study/run1_2x2_muons_first100/packet-0050017-2024_07_08_15_53_40_CDT.FLOW.hdf5.csv
[rank 9] HDF5: /global/cfs/cdirs/dune/www/data/2x2/reflows/v11/flow/beam/july8_2024/nominal_hv/packet-0050017-2024_07_08_15_53_40_CDT.FLOW.hdf5
[rank worker] Wrote 128 traps to 'pde_files/pde_packet-0050017-2024_07_08_15_53_40_CDT.FLOW.hdf5.csv'.
[rank 6] CSV : /global/cfs/cdirs/dune/users/wermelinger/2x2/PDE_study/run1_2x2_muons_first100/packet-0050017-2024_07_08_14_43_32_CDT.FLOW.hdf5.csv
[rank 6] HDF5: /global/cfs/cdirs/dune/www/data/2x2/reflows/v11/flow/beam/july8_2024/nominal_hv/packet-0050017-2024_07_08_14_43_32_CDT.FLOW.hdf5
[rank worker] Wrote 128 traps to 'pde_files/pde_packet-0050017-2024_07_08_14_43_32_CDT.FLOW.hdf5.csv'.
[rank 93] CSV : /global/cfs/cdirs/dune/users/wermelinger/2x2/PDE_study/run1_2x2_muons_first100/packet-0050017-2024_07_09_06_15_12_CDT.FLOW.hdf5.csv
[rank 93] HDF5: /global/cfs/cdirs/dune/www/data/2x2/reflows/v11/flow/beam/july8_2024/nominal_hv/packet-0050017-2024_07_09_06_15_12_CDT.FLOW.hdf5
[rank worker] Wrote 128 traps to 'pde_files/pde_packet-0050017-2024_07_09_06_15_12_CDT.FLOW.hdf5.csv'.
[rank 2] CSV : /global/cfs/cdirs/dune/users/wermelinger/2x2/PDE_study/run1_2x2_muons_first100/packet-0050017-2024_07_08_14_03_28_CDT.FLOW.hdf5.csv
[rank 2] HDF5: /global/cfs/cdirs/dune/www/data/2x2/reflows/v11/flow/beam/july8_2024/nominal_hv/packet-0050017-2024_07_08_14_03_28_CDT.FLOW.hdf5
[rank worker] Wrote 128 traps to 'pde_files/pde_packet-0050017-2024_07_08_14_03_28_CDT.FLOW.hdf5.csv'.
[rank 38] CSV : /global/cfs/cdirs/dune/users/wermelinger/2x2/PDE_study/run1_2x2_muons_first100/packet-0050017-2024_07_08_20_44_11_CDT.FLOW.hdf5.csv
[rank 38] HDF5: /global/cfs/cdirs/dune/www/data/2x2/reflows/v11/flow/beam/july8_2024/nominal_hv/packet-0050017-2024_07_08_20_44_11_CDT.FLOW.hdf5
[rank worker] Wrote 128 traps to 'pde_files/pde_packet-0050017-2024_07_08_20_44_11_CDT.FLOW.hdf5.csv'.
[rank 28] CSV : /global/cfs/cdirs/dune/users/wermelinger/2x2/PDE_study/run1_2x2_muons_first100/packet-0050017-2024_07_08_19_04_01_CDT.FLOW.hdf5.csv
[rank 28] HDF5: /global/cfs/cdirs/dune/www/data/2x2/reflows/v11/flow/beam/july8_2024/nominal_hv/packet-0050017-2024_07_08_19_04_01_CDT.FLOW.hdf5
[rank worker] Wrote 128 traps to 'pde_files/pde_packet-0050017-2024_07_08_19_04_01_CDT.FLOW.hdf5.csv'.
[rank 41] CSV : /global/cfs/cdirs/dune/users/wermelinger/2x2/PDE_study/run1_2x2_muons_first100/packet-0050017-2024_07_08_21_24_16_CDT.FLOW.hdf5.csv
[rank 41] HDF5: /global/cfs/cdirs/dune/www/data/2x2/reflows/v11/flow/beam/july8_2024/nominal_hv/packet-0050017-2024_07_08_21_24_16_CDT.FLOW.hdf5
[rank worker] Wrote 128 traps to 'pde_files/pde_packet-0050017-2024_07_08_21_24_16_CDT.FLOW.hdf5.csv'.
[rank 3] CSV : /global/cfs/cdirs/dune/users/wermelinger/2x2/PDE_study/run1_2x2_muons_first100/packet-0050017-2024_07_08_14_13_29_CDT.FLOW.hdf5.csv
[rank 3] HDF5: /global/cfs/cdirs/dune/www/data/2x2/reflows/v11/flow/beam/july8_2024/nominal_hv/packet-0050017-2024_07_08_14_13_29_CDT.FLOW.hdf5
[rank worker] Wrote 128 traps to 'pde_files/pde_packet-0050017-2024_07_08_14_13_29_CDT.FLOW.hdf5.csv'.
[rank 77] CSV : /global/cfs/cdirs/dune/users/wermelinger/2x2/PDE_study/run1_2x2_muons_first100/packet-0050017-2024_07_09_03_24_54_CDT.FLOW.hdf5.csv
[rank 77] HDF5: /global/cfs/cdirs/dune/www/data/2x2/reflows/v11/flow/beam/july8_2024/nominal_hv/packet-0050017-2024_07_09_03_24_54_CDT.FLOW.hdf5
[rank worker] Wrote 128 traps to 'pde_files/pde_packet-0050017-2024_07_09_03_24_54_CDT.FLOW.hdf5.csv'.
[rank 33] CSV : /global/cfs/cdirs/dune/users/wermelinger/2x2/PDE_study/run1_2x2_muons_first100/packet-0050017-2024_07_08_19_54_06_CDT.FLOW.hdf5.csv
[rank 33] HDF5: /global/cfs/cdirs/dune/www/data/2x2/reflows/v11/flow/beam/july8_2024/nominal_hv/packet-0050017-2024_07_08_19_54_06_CDT.FLOW.hdf5
[rank worker] Wrote 128 traps to 'pde_files/pde_packet-0050017-2024_07_08_19_54_06_CDT.FLOW.hdf5.csv'.
[rank 60] CSV : /global/cfs/cdirs/dune/users/wermelinger/2x2/PDE_study/run1_2x2_muons_first100/packet-0050017-2024_07_09_00_34_36_CDT.FLOW.hdf5.csv
[rank 60] HDF5: /global/cfs/cdirs/dune/www/data/2x2/reflows/v11/flow/beam/july8_2024/nominal_hv/packet-0050017-2024_07_09_00_34_36_CDT.FLOW.hdf5
[rank worker] Wrote 128 traps to 'pde_files/pde_packet-0050017-2024_07_09_00_34_36_CDT.FLOW.hdf5.csv'.
[rank 24] CSV : /global/cfs/cdirs/dune/users/wermelinger/2x2/PDE_study/run1_2x2_muons_first100/packet-0050017-2024_07_08_18_23_56_CDT.FLOW.hdf5.csv
[rank 24] HDF5: /global/cfs/cdirs/dune/www/data/2x2/reflows/v11/flow/beam/july8_2024/nominal_hv/packet-0050017-2024_07_08_18_23_56_CDT.FLOW.hdf5
[rank worker] Wrote 128 traps to 'pde_files/pde_packet-0050017-2024_07_08_18_23_56_CDT.FLOW.hdf5.csv'.
[rank 66] CSV : /global/cfs/cdirs/dune/users/wermelinger/2x2/PDE_study/run1_2x2_muons_first100/packet-0050017-2024_07_09_01_34_42_CDT.FLOW.hdf5.csv
[rank 66] HDF5: /global/cfs/cdirs/dune/www/data/2x2/reflows/v11/flow/beam/july8_2024/nominal_hv/packet-0050017-2024_07_09_01_34_42_CDT.FLOW.hdf5
[rank worker] Wrote 128 traps to 'pde_files/pde_packet-0050017-2024_07_09_01_34_42_CDT.FLOW.hdf5.csv'.
[rank 0] CSV : /global/cfs/cdirs/dune/users/wermelinger/2x2/PDE_study/run1_2x2_muons_first100/packet-0050017-2024_07_08_13_43_25_CDT.FLOW.hdf5.csv
[rank 0] HDF5: /global/cfs/cdirs/dune/www/data/2x2/reflows/v11/flow/beam/july8_2024/nominal_hv/packet-0050017-2024_07_08_13_43_25_CDT.FLOW.hdf5
[rank worker] Wrote 128 traps to 'pde_files/pde_packet-0050017-2024_07_08_13_43_25_CDT.FLOW.hdf5.csv'.
